{"/Users/shaynlink/Development/uncove/mymbot/redis-duplex/src/Instance.js": {"path":"/Users/shaynlink/Development/uncove/mymbot/redis-duplex/src/Instance.js","all":false,"statementMap":{"0":{"start":{"line":1,"column":0},"end":{"line":1,"column":44}},"1":{"start":{"line":2,"column":0},"end":{"line":2,"column":33}},"2":{"start":{"line":3,"column":0},"end":{"line":3,"column":33}},"3":{"start":{"line":4,"column":0},"end":{"line":4,"column":56}},"4":{"start":{"line":5,"column":0},"end":{"line":5,"column":50}},"5":{"start":{"line":6,"column":0},"end":{"line":6,"column":48}},"6":{"start":{"line":7,"column":0},"end":{"line":7,"column":60}},"7":{"start":{"line":8,"column":0},"end":{"line":8,"column":37}},"8":{"start":{"line":9,"column":0},"end":{"line":9,"column":47}},"9":{"start":{"line":10,"column":0},"end":{"line":10,"column":0}},"10":{"start":{"line":11,"column":0},"end":{"line":11,"column":31}},"11":{"start":{"line":12,"column":0},"end":{"line":12,"column":17}},"12":{"start":{"line":13,"column":0},"end":{"line":13,"column":13}},"13":{"start":{"line":14,"column":0},"end":{"line":14,"column":25}},"14":{"start":{"line":15,"column":0},"end":{"line":15,"column":3}},"15":{"start":{"line":16,"column":0},"end":{"line":16,"column":1}},"16":{"start":{"line":17,"column":0},"end":{"line":17,"column":0}},"17":{"start":{"line":18,"column":0},"end":{"line":18,"column":37}},"18":{"start":{"line":19,"column":0},"end":{"line":19,"column":5}},"19":{"start":{"line":20,"column":0},"end":{"line":20,"column":37}},"20":{"start":{"line":21,"column":0},"end":{"line":21,"column":55}},"21":{"start":{"line":22,"column":0},"end":{"line":22,"column":58}},"22":{"start":{"line":23,"column":0},"end":{"line":23,"column":5}},"23":{"start":{"line":24,"column":0},"end":{"line":24,"column":44}},"24":{"start":{"line":25,"column":0},"end":{"line":25,"column":12}},"25":{"start":{"line":26,"column":0},"end":{"line":26,"column":7}},"26":{"start":{"line":27,"column":0},"end":{"line":27,"column":31}},"27":{"start":{"line":28,"column":0},"end":{"line":28,"column":7}},"28":{"start":{"line":29,"column":0},"end":{"line":29,"column":21}},"29":{"start":{"line":30,"column":0},"end":{"line":30,"column":7}},"30":{"start":{"line":31,"column":0},"end":{"line":31,"column":46}},"31":{"start":{"line":32,"column":0},"end":{"line":32,"column":7}},"32":{"start":{"line":33,"column":0},"end":{"line":33,"column":27}},"33":{"start":{"line":34,"column":0},"end":{"line":34,"column":7}},"34":{"start":{"line":35,"column":0},"end":{"line":35,"column":43}},"35":{"start":{"line":36,"column":0},"end":{"line":36,"column":7}},"36":{"start":{"line":37,"column":0},"end":{"line":37,"column":41}},"37":{"start":{"line":38,"column":0},"end":{"line":38,"column":0}},"38":{"start":{"line":39,"column":0},"end":{"line":39,"column":39}},"39":{"start":{"line":40,"column":0},"end":{"line":40,"column":42}},"40":{"start":{"line":41,"column":0},"end":{"line":41,"column":7}},"41":{"start":{"line":42,"column":0},"end":{"line":42,"column":0}},"42":{"start":{"line":43,"column":0},"end":{"line":43,"column":7}},"43":{"start":{"line":44,"column":0},"end":{"line":44,"column":25}},"44":{"start":{"line":45,"column":0},"end":{"line":45,"column":7}},"45":{"start":{"line":46,"column":0},"end":{"line":46,"column":43}},"46":{"start":{"line":47,"column":0},"end":{"line":47,"column":7}},"47":{"start":{"line":48,"column":0},"end":{"line":48,"column":24}},"48":{"start":{"line":49,"column":0},"end":{"line":49,"column":7}},"49":{"start":{"line":50,"column":0},"end":{"line":50,"column":41}},"50":{"start":{"line":51,"column":0},"end":{"line":51,"column":0}},"51":{"start":{"line":52,"column":0},"end":{"line":52,"column":30}},"52":{"start":{"line":53,"column":0},"end":{"line":53,"column":3}},"53":{"start":{"line":54,"column":0},"end":{"line":54,"column":0}},"54":{"start":{"line":55,"column":0},"end":{"line":55,"column":17}},"55":{"start":{"line":56,"column":0},"end":{"line":56,"column":37}},"56":{"start":{"line":57,"column":0},"end":{"line":57,"column":21}},"57":{"start":{"line":58,"column":0},"end":{"line":58,"column":30}},"58":{"start":{"line":59,"column":0},"end":{"line":59,"column":17}},"59":{"start":{"line":60,"column":0},"end":{"line":60,"column":26}},"60":{"start":{"line":61,"column":0},"end":{"line":61,"column":20}},"61":{"start":{"line":62,"column":0},"end":{"line":62,"column":9}},"62":{"start":{"line":63,"column":0},"end":{"line":63,"column":7}},"63":{"start":{"line":64,"column":0},"end":{"line":64,"column":38}},"64":{"start":{"line":65,"column":0},"end":{"line":65,"column":19}},"65":{"start":{"line":66,"column":0},"end":{"line":66,"column":9}},"66":{"start":{"line":67,"column":0},"end":{"line":67,"column":52}},"67":{"start":{"line":68,"column":0},"end":{"line":68,"column":19}},"68":{"start":{"line":69,"column":0},"end":{"line":69,"column":9}},"69":{"start":{"line":70,"column":0},"end":{"line":70,"column":51}},"70":{"start":{"line":71,"column":0},"end":{"line":71,"column":19}},"71":{"start":{"line":72,"column":0},"end":{"line":72,"column":9}},"72":{"start":{"line":73,"column":0},"end":{"line":73,"column":7}},"73":{"start":{"line":74,"column":0},"end":{"line":74,"column":3}},"74":{"start":{"line":75,"column":0},"end":{"line":75,"column":1}},"75":{"start":{"line":76,"column":0},"end":{"line":76,"column":5}},"76":{"start":{"line":77,"column":0},"end":{"line":77,"column":58}},"77":{"start":{"line":78,"column":0},"end":{"line":78,"column":5}},"78":{"start":{"line":79,"column":0},"end":{"line":79,"column":11}},"79":{"start":{"line":80,"column":0},"end":{"line":80,"column":24}},"80":{"start":{"line":81,"column":0},"end":{"line":81,"column":32}},"81":{"start":{"line":82,"column":0},"end":{"line":82,"column":40}},"82":{"start":{"line":83,"column":0},"end":{"line":83,"column":40}},"83":{"start":{"line":84,"column":0},"end":{"line":84,"column":9}},"84":{"start":{"line":85,"column":0},"end":{"line":85,"column":33}},"85":{"start":{"line":86,"column":0},"end":{"line":86,"column":55}},"86":{"start":{"line":87,"column":0},"end":{"line":87,"column":55}},"87":{"start":{"line":88,"column":0},"end":{"line":88,"column":9}},"88":{"start":{"line":89,"column":0},"end":{"line":89,"column":32}},"89":{"start":{"line":90,"column":0},"end":{"line":90,"column":53}},"90":{"start":{"line":91,"column":0},"end":{"line":91,"column":53}},"91":{"start":{"line":92,"column":0},"end":{"line":92,"column":8}},"92":{"start":{"line":93,"column":0},"end":{"line":93,"column":6}},"93":{"start":{"line":94,"column":0},"end":{"line":94,"column":3}},"94":{"start":{"line":95,"column":0},"end":{"line":95,"column":0}},"95":{"start":{"line":96,"column":0},"end":{"line":96,"column":5}},"96":{"start":{"line":97,"column":0},"end":{"line":97,"column":49}},"97":{"start":{"line":98,"column":0},"end":{"line":98,"column":20}},"98":{"start":{"line":99,"column":0},"end":{"line":99,"column":5}},"99":{"start":{"line":100,"column":0},"end":{"line":100,"column":24}},"100":{"start":{"line":101,"column":0},"end":{"line":101,"column":40}},"101":{"start":{"line":102,"column":0},"end":{"line":102,"column":21}},"102":{"start":{"line":103,"column":0},"end":{"line":103,"column":23}},"103":{"start":{"line":104,"column":0},"end":{"line":104,"column":32}},"104":{"start":{"line":105,"column":0},"end":{"line":105,"column":28}},"105":{"start":{"line":106,"column":0},"end":{"line":106,"column":21}},"106":{"start":{"line":107,"column":0},"end":{"line":107,"column":0}},"107":{"start":{"line":108,"column":0},"end":{"line":108,"column":135}},"108":{"start":{"line":109,"column":0},"end":{"line":109,"column":42}},"109":{"start":{"line":110,"column":0},"end":{"line":110,"column":105}},"110":{"start":{"line":111,"column":0},"end":{"line":111,"column":85}},"111":{"start":{"line":112,"column":0},"end":{"line":112,"column":211}},"112":{"start":{"line":113,"column":0},"end":{"line":113,"column":7}},"113":{"start":{"line":114,"column":0},"end":{"line":114,"column":7}},"114":{"start":{"line":115,"column":0},"end":{"line":115,"column":0}},"115":{"start":{"line":116,"column":0},"end":{"line":116,"column":26}},"116":{"start":{"line":117,"column":0},"end":{"line":117,"column":0}},"117":{"start":{"line":118,"column":0},"end":{"line":118,"column":22}},"118":{"start":{"line":119,"column":0},"end":{"line":119,"column":21}},"119":{"start":{"line":120,"column":0},"end":{"line":120,"column":22}},"120":{"start":{"line":121,"column":0},"end":{"line":121,"column":3}},"121":{"start":{"line":122,"column":0},"end":{"line":122,"column":0}},"122":{"start":{"line":123,"column":0},"end":{"line":123,"column":5}},"123":{"start":{"line":124,"column":0},"end":{"line":124,"column":56}},"124":{"start":{"line":125,"column":0},"end":{"line":125,"column":5}},"125":{"start":{"line":126,"column":0},"end":{"line":126,"column":17}},"126":{"start":{"line":127,"column":0},"end":{"line":127,"column":57}},"127":{"start":{"line":128,"column":0},"end":{"line":128,"column":3}},"128":{"start":{"line":129,"column":0},"end":{"line":129,"column":0}},"129":{"start":{"line":130,"column":0},"end":{"line":130,"column":5}},"130":{"start":{"line":131,"column":0},"end":{"line":131,"column":58}},"131":{"start":{"line":132,"column":0},"end":{"line":132,"column":5}},"132":{"start":{"line":133,"column":0},"end":{"line":133,"column":19}},"133":{"start":{"line":134,"column":0},"end":{"line":134,"column":59}},"134":{"start":{"line":135,"column":0},"end":{"line":135,"column":3}},"135":{"start":{"line":136,"column":0},"end":{"line":136,"column":0}},"136":{"start":{"line":137,"column":0},"end":{"line":137,"column":5}},"137":{"start":{"line":138,"column":0},"end":{"line":138,"column":55}},"138":{"start":{"line":139,"column":0},"end":{"line":139,"column":5}},"139":{"start":{"line":140,"column":0},"end":{"line":140,"column":17}},"140":{"start":{"line":141,"column":0},"end":{"line":141,"column":55}},"141":{"start":{"line":142,"column":0},"end":{"line":142,"column":3}},"142":{"start":{"line":143,"column":0},"end":{"line":143,"column":0}},"143":{"start":{"line":144,"column":0},"end":{"line":144,"column":5}},"144":{"start":{"line":145,"column":0},"end":{"line":145,"column":33}},"145":{"start":{"line":146,"column":0},"end":{"line":146,"column":57}},"146":{"start":{"line":147,"column":0},"end":{"line":147,"column":5}},"147":{"start":{"line":148,"column":0},"end":{"line":148,"column":26}},"148":{"start":{"line":149,"column":0},"end":{"line":149,"column":47}},"149":{"start":{"line":150,"column":0},"end":{"line":150,"column":77}},"150":{"start":{"line":151,"column":0},"end":{"line":151,"column":25}},"151":{"start":{"line":152,"column":0},"end":{"line":152,"column":16}},"152":{"start":{"line":153,"column":0},"end":{"line":153,"column":5}},"153":{"start":{"line":154,"column":0},"end":{"line":154,"column":0}},"154":{"start":{"line":155,"column":0},"end":{"line":155,"column":26}},"155":{"start":{"line":156,"column":0},"end":{"line":156,"column":0}},"156":{"start":{"line":157,"column":0},"end":{"line":157,"column":45}},"157":{"start":{"line":158,"column":0},"end":{"line":158,"column":18}},"158":{"start":{"line":159,"column":0},"end":{"line":159,"column":63}},"159":{"start":{"line":160,"column":0},"end":{"line":160,"column":61}},"160":{"start":{"line":161,"column":0},"end":{"line":161,"column":17}},"161":{"start":{"line":162,"column":0},"end":{"line":162,"column":9}},"162":{"start":{"line":163,"column":0},"end":{"line":163,"column":49}},"163":{"start":{"line":164,"column":0},"end":{"line":164,"column":35}},"164":{"start":{"line":165,"column":0},"end":{"line":165,"column":24}},"165":{"start":{"line":166,"column":0},"end":{"line":166,"column":32}},"166":{"start":{"line":167,"column":0},"end":{"line":167,"column":9}},"167":{"start":{"line":168,"column":0},"end":{"line":168,"column":9}},"168":{"start":{"line":169,"column":0},"end":{"line":169,"column":0}},"169":{"start":{"line":170,"column":0},"end":{"line":170,"column":34}},"170":{"start":{"line":171,"column":0},"end":{"line":171,"column":49}},"171":{"start":{"line":172,"column":0},"end":{"line":172,"column":30}},"172":{"start":{"line":173,"column":0},"end":{"line":173,"column":30}},"173":{"start":{"line":174,"column":0},"end":{"line":174,"column":31}},"174":{"start":{"line":175,"column":0},"end":{"line":175,"column":20}},"175":{"start":{"line":176,"column":0},"end":{"line":176,"column":22}},"176":{"start":{"line":177,"column":0},"end":{"line":177,"column":25}},"177":{"start":{"line":178,"column":0},"end":{"line":178,"column":0}},"178":{"start":{"line":179,"column":0},"end":{"line":179,"column":28}},"179":{"start":{"line":180,"column":0},"end":{"line":180,"column":7}},"180":{"start":{"line":181,"column":0},"end":{"line":181,"column":3}},"181":{"start":{"line":182,"column":0},"end":{"line":182,"column":0}},"182":{"start":{"line":183,"column":0},"end":{"line":183,"column":23}},"183":{"start":{"line":184,"column":0},"end":{"line":184,"column":50}},"184":{"start":{"line":185,"column":0},"end":{"line":185,"column":37}},"185":{"start":{"line":186,"column":0},"end":{"line":186,"column":0}},"186":{"start":{"line":187,"column":0},"end":{"line":187,"column":19}},"187":{"start":{"line":188,"column":0},"end":{"line":188,"column":3}},"188":{"start":{"line":189,"column":0},"end":{"line":189,"column":0}},"189":{"start":{"line":190,"column":0},"end":{"line":190,"column":27}},"190":{"start":{"line":191,"column":0},"end":{"line":191,"column":51}},"191":{"start":{"line":192,"column":0},"end":{"line":192,"column":37}},"192":{"start":{"line":193,"column":0},"end":{"line":193,"column":0}},"193":{"start":{"line":194,"column":0},"end":{"line":194,"column":19}},"194":{"start":{"line":195,"column":0},"end":{"line":195,"column":3}},"195":{"start":{"line":196,"column":0},"end":{"line":196,"column":1}},"196":{"start":{"line":197,"column":0},"end":{"line":197,"column":0}},"197":{"start":{"line":198,"column":0},"end":{"line":198,"column":26}}},"s":{"0":1,"1":1,"2":1,"3":1,"4":1,"5":1,"6":1,"7":1,"8":1,"9":1,"10":1,"11":1,"12":1,"13":1,"14":1,"15":1,"16":1,"17":1,"18":1,"19":1,"20":1,"21":1,"22":1,"23":1,"24":1,"25":1,"26":1,"27":1,"28":1,"29":1,"30":1,"31":1,"32":1,"33":1,"34":1,"35":1,"36":1,"37":1,"38":1,"39":0,"40":1,"41":1,"42":1,"43":1,"44":1,"45":1,"46":1,"47":1,"48":1,"49":1,"50":1,"51":1,"52":1,"53":1,"54":1,"55":1,"56":1,"57":1,"58":3,"59":3,"60":1,"61":1,"62":3,"63":1,"64":1,"65":1,"66":1,"67":1,"68":1,"69":1,"70":1,"71":1,"72":1,"73":1,"74":1,"75":1,"76":1,"77":1,"78":1,"79":1,"80":1,"81":1,"82":1,"83":1,"84":1,"85":1,"86":1,"87":1,"88":1,"89":1,"90":1,"91":1,"92":1,"93":1,"94":1,"95":1,"96":1,"97":1,"98":1,"99":1,"100":1,"101":1,"102":1,"103":1,"104":1,"105":1,"106":1,"107":1,"108":1,"109":1,"110":1,"111":0,"112":0,"113":1,"114":1,"115":1,"116":1,"117":1,"118":0,"119":1,"120":1,"121":1,"122":1,"123":1,"124":1,"125":1,"126":1,"127":1,"128":1,"129":1,"130":1,"131":1,"132":1,"133":0,"134":0,"135":1,"136":1,"137":1,"138":1,"139":1,"140":1,"141":1,"142":1,"143":1,"144":1,"145":1,"146":1,"147":1,"148":0,"149":0,"150":0,"151":0,"152":0,"153":0,"154":0,"155":0,"156":0,"157":0,"158":0,"159":0,"160":0,"161":0,"162":0,"163":0,"164":0,"165":0,"166":0,"167":0,"168":0,"169":0,"170":0,"171":0,"172":0,"173":0,"174":0,"175":0,"176":0,"177":0,"178":0,"179":0,"180":0,"181":1,"182":1,"183":0,"184":0,"185":0,"186":0,"187":0,"188":1,"189":1,"190":0,"191":0,"192":0,"193":0,"194":0,"195":1,"196":1,"197":1},"branchMap":{"0":{"type":"branch","line":13,"loc":{"start":{"line":13,"column":2},"end":{"line":15,"column":3}},"locations":[{"start":{"line":13,"column":2},"end":{"line":15,"column":3}}]},"1":{"type":"branch","line":24,"loc":{"start":{"line":24,"column":2},"end":{"line":53,"column":3}},"locations":[{"start":{"line":24,"column":2},"end":{"line":53,"column":3}}]},"2":{"type":"branch","line":55,"loc":{"start":{"line":55,"column":2},"end":{"line":74,"column":3}},"locations":[{"start":{"line":55,"column":2},"end":{"line":74,"column":3}}]},"3":{"type":"branch","line":56,"loc":{"start":{"line":56,"column":24},"end":{"line":73,"column":5}},"locations":[{"start":{"line":56,"column":24},"end":{"line":73,"column":5}}]},"4":{"type":"branch","line":58,"loc":{"start":{"line":58,"column":23},"end":{"line":63,"column":7}},"locations":[{"start":{"line":58,"column":23},"end":{"line":63,"column":7}}]},"5":{"type":"branch","line":60,"loc":{"start":{"line":60,"column":25},"end":{"line":62,"column":9}},"locations":[{"start":{"line":60,"column":25},"end":{"line":62,"column":9}}]},"6":{"type":"branch","line":64,"loc":{"start":{"line":64,"column":31},"end":{"line":66,"column":7}},"locations":[{"start":{"line":64,"column":31},"end":{"line":66,"column":7}}]},"7":{"type":"branch","line":67,"loc":{"start":{"line":67,"column":45},"end":{"line":69,"column":7}},"locations":[{"start":{"line":67,"column":45},"end":{"line":69,"column":7}}]},"8":{"type":"branch","line":70,"loc":{"start":{"line":70,"column":44},"end":{"line":72,"column":7}},"locations":[{"start":{"line":70,"column":44},"end":{"line":72,"column":7}}]},"9":{"type":"branch","line":79,"loc":{"start":{"line":79,"column":2},"end":{"line":94,"column":3}},"locations":[{"start":{"line":79,"column":2},"end":{"line":94,"column":3}}]},"10":{"type":"branch","line":81,"loc":{"start":{"line":81,"column":19},"end":{"line":84,"column":7}},"locations":[{"start":{"line":81,"column":19},"end":{"line":84,"column":7}}]},"11":{"type":"branch","line":85,"loc":{"start":{"line":85,"column":20},"end":{"line":88,"column":7}},"locations":[{"start":{"line":85,"column":20},"end":{"line":88,"column":7}}]},"12":{"type":"branch","line":89,"loc":{"start":{"line":89,"column":19},"end":{"line":92,"column":7}},"locations":[{"start":{"line":89,"column":19},"end":{"line":92,"column":7}}]},"13":{"type":"branch","line":100,"loc":{"start":{"line":100,"column":2},"end":{"line":121,"column":3}},"locations":[{"start":{"line":100,"column":2},"end":{"line":121,"column":3}}]},"14":{"type":"branch","line":108,"loc":{"start":{"line":108,"column":122},"end":{"line":114,"column":5}},"locations":[{"start":{"line":108,"column":122},"end":{"line":114,"column":5}}]},"15":{"type":"branch","line":109,"loc":{"start":{"line":109,"column":35},"end":{"line":109,"column":42}},"locations":[{"start":{"line":109,"column":35},"end":{"line":109,"column":42}}]},"16":{"type":"branch","line":111,"loc":{"start":{"line":111,"column":84},"end":{"line":113,"column":7}},"locations":[{"start":{"line":111,"column":84},"end":{"line":113,"column":7}}]},"17":{"type":"branch","line":126,"loc":{"start":{"line":126,"column":2},"end":{"line":128,"column":3}},"locations":[{"start":{"line":126,"column":2},"end":{"line":128,"column":3}}]},"18":{"type":"branch","line":140,"loc":{"start":{"line":140,"column":2},"end":{"line":142,"column":3}},"locations":[{"start":{"line":140,"column":2},"end":{"line":142,"column":3}}]}},"b":{"0":[1],"1":[1],"2":[1],"3":[1],"4":[3],"5":[1],"6":[1],"7":[1],"8":[1],"9":[1],"10":[1],"11":[1],"12":[1],"13":[1],"14":[1],"15":[0],"16":[0],"17":[1],"18":[1]},"fnMap":{"0":{"name":"current","decl":{"start":{"line":13,"column":2},"end":{"line":15,"column":3}},"loc":{"start":{"line":13,"column":2},"end":{"line":15,"column":3}},"line":13},"1":{"name":"Instance","decl":{"start":{"line":24,"column":2},"end":{"line":53,"column":3}},"loc":{"start":{"line":24,"column":2},"end":{"line":53,"column":3}},"line":24},"2":{"name":"waitToReady","decl":{"start":{"line":55,"column":2},"end":{"line":74,"column":3}},"loc":{"start":{"line":55,"column":2},"end":{"line":74,"column":3}},"line":55},"3":{"name":"setReady","decl":{"start":{"line":58,"column":23},"end":{"line":63,"column":7}},"loc":{"start":{"line":58,"column":23},"end":{"line":63,"column":7}},"line":58},"4":{"name":"close","decl":{"start":{"line":79,"column":2},"end":{"line":94,"column":3}},"loc":{"start":{"line":79,"column":2},"end":{"line":94,"column":3}},"line":79},"5":{"name":"checkCompatibility","decl":{"start":{"line":100,"column":2},"end":{"line":121,"column":3}},"loc":{"start":{"line":100,"column":2},"end":{"line":121,"column":3}},"line":100},"6":{"name":"get command","decl":{"start":{"line":126,"column":2},"end":{"line":128,"column":3}},"loc":{"start":{"line":126,"column":2},"end":{"line":128,"column":3}},"line":126},"7":{"name":"get subscribe","decl":{"start":{"line":133,"column":2},"end":{"line":135,"column":3}},"loc":{"start":{"line":133,"column":2},"end":{"line":135,"column":3}},"line":133},"8":{"name":"get publish","decl":{"start":{"line":140,"column":2},"end":{"line":142,"column":3}},"loc":{"start":{"line":140,"column":2},"end":{"line":142,"column":3}},"line":140},"9":{"name":"request","decl":{"start":{"line":148,"column":2},"end":{"line":181,"column":3}},"loc":{"start":{"line":148,"column":2},"end":{"line":181,"column":3}},"line":148},"10":{"name":"createSession","decl":{"start":{"line":183,"column":2},"end":{"line":188,"column":3}},"loc":{"start":{"line":183,"column":2},"end":{"line":188,"column":3}},"line":183},"11":{"name":"joinSession","decl":{"start":{"line":190,"column":2},"end":{"line":195,"column":3}},"loc":{"start":{"line":190,"column":2},"end":{"line":195,"column":3}},"line":190}},"f":{"0":1,"1":1,"2":1,"3":3,"4":1,"5":1,"6":1,"7":0,"8":1,"9":0,"10":0,"11":0}}
,"/Users/shaynlink/Development/uncove/mymbot/redis-duplex/src/Session.js": {"path":"/Users/shaynlink/Development/uncove/mymbot/redis-duplex/src/Session.js","all":false,"statementMap":{"0":{"start":{"line":1,"column":0},"end":{"line":1,"column":46}},"1":{"start":{"line":2,"column":0},"end":{"line":2,"column":0}},"2":{"start":{"line":3,"column":0},"end":{"line":3,"column":15}},"3":{"start":{"line":4,"column":0},"end":{"line":4,"column":5}},"4":{"start":{"line":5,"column":0},"end":{"line":5,"column":44}},"5":{"start":{"line":6,"column":0},"end":{"line":6,"column":26}},"6":{"start":{"line":7,"column":0},"end":{"line":7,"column":31}},"7":{"start":{"line":8,"column":0},"end":{"line":8,"column":5}},"8":{"start":{"line":9,"column":0},"end":{"line":9,"column":41}},"9":{"start":{"line":10,"column":0},"end":{"line":10,"column":29}},"10":{"start":{"line":11,"column":0},"end":{"line":11,"column":21}},"11":{"start":{"line":12,"column":0},"end":{"line":12,"column":29}},"12":{"start":{"line":13,"column":0},"end":{"line":13,"column":27}},"13":{"start":{"line":14,"column":0},"end":{"line":14,"column":25}},"14":{"start":{"line":15,"column":0},"end":{"line":15,"column":35}},"15":{"start":{"line":16,"column":0},"end":{"line":16,"column":37}},"16":{"start":{"line":17,"column":0},"end":{"line":17,"column":0}},"17":{"start":{"line":18,"column":0},"end":{"line":18,"column":24}},"18":{"start":{"line":19,"column":0},"end":{"line":19,"column":30}},"19":{"start":{"line":20,"column":0},"end":{"line":20,"column":43}},"20":{"start":{"line":21,"column":0},"end":{"line":21,"column":12}},"21":{"start":{"line":22,"column":0},"end":{"line":22,"column":42}},"22":{"start":{"line":23,"column":0},"end":{"line":23,"column":5}},"23":{"start":{"line":24,"column":0},"end":{"line":24,"column":0}},"24":{"start":{"line":25,"column":0},"end":{"line":25,"column":37}},"25":{"start":{"line":26,"column":0},"end":{"line":26,"column":36}},"26":{"start":{"line":27,"column":0},"end":{"line":27,"column":38}},"27":{"start":{"line":28,"column":0},"end":{"line":28,"column":36}},"28":{"start":{"line":29,"column":0},"end":{"line":29,"column":0}},"29":{"start":{"line":30,"column":0},"end":{"line":30,"column":29}},"30":{"start":{"line":31,"column":0},"end":{"line":31,"column":3}},"31":{"start":{"line":32,"column":0},"end":{"line":32,"column":0}},"32":{"start":{"line":33,"column":0},"end":{"line":33,"column":17}},"33":{"start":{"line":34,"column":0},"end":{"line":34,"column":26}},"34":{"start":{"line":35,"column":0},"end":{"line":35,"column":3}},"35":{"start":{"line":36,"column":0},"end":{"line":36,"column":0}},"36":{"start":{"line":37,"column":0},"end":{"line":37,"column":25}},"37":{"start":{"line":38,"column":0},"end":{"line":38,"column":29}},"38":{"start":{"line":39,"column":0},"end":{"line":39,"column":3}},"39":{"start":{"line":40,"column":0},"end":{"line":40,"column":0}},"40":{"start":{"line":41,"column":0},"end":{"line":41,"column":28}},"41":{"start":{"line":42,"column":0},"end":{"line":42,"column":39}},"42":{"start":{"line":43,"column":0},"end":{"line":43,"column":18}},"43":{"start":{"line":44,"column":0},"end":{"line":44,"column":44}},"44":{"start":{"line":45,"column":0},"end":{"line":45,"column":5}},"45":{"start":{"line":46,"column":0},"end":{"line":46,"column":3}},"46":{"start":{"line":47,"column":0},"end":{"line":47,"column":0}},"47":{"start":{"line":48,"column":0},"end":{"line":48,"column":27}},"48":{"start":{"line":49,"column":0},"end":{"line":49,"column":38}},"49":{"start":{"line":50,"column":0},"end":{"line":50,"column":18}},"50":{"start":{"line":51,"column":0},"end":{"line":51,"column":43}},"51":{"start":{"line":52,"column":0},"end":{"line":52,"column":5}},"52":{"start":{"line":53,"column":0},"end":{"line":53,"column":3}},"53":{"start":{"line":54,"column":0},"end":{"line":54,"column":0}},"54":{"start":{"line":55,"column":0},"end":{"line":55,"column":29}},"55":{"start":{"line":56,"column":0},"end":{"line":56,"column":40}},"56":{"start":{"line":57,"column":0},"end":{"line":57,"column":18}},"57":{"start":{"line":58,"column":0},"end":{"line":58,"column":45}},"58":{"start":{"line":59,"column":0},"end":{"line":59,"column":5}},"59":{"start":{"line":60,"column":0},"end":{"line":60,"column":3}},"60":{"start":{"line":61,"column":0},"end":{"line":61,"column":0}},"61":{"start":{"line":62,"column":0},"end":{"line":62,"column":28}},"62":{"start":{"line":63,"column":0},"end":{"line":63,"column":39}},"63":{"start":{"line":64,"column":0},"end":{"line":64,"column":18}},"64":{"start":{"line":65,"column":0},"end":{"line":65,"column":44}},"65":{"start":{"line":66,"column":0},"end":{"line":66,"column":5}},"66":{"start":{"line":67,"column":0},"end":{"line":67,"column":3}},"67":{"start":{"line":68,"column":0},"end":{"line":68,"column":0}},"68":{"start":{"line":69,"column":0},"end":{"line":69,"column":16}},"69":{"start":{"line":70,"column":0},"end":{"line":70,"column":24}},"70":{"start":{"line":71,"column":0},"end":{"line":71,"column":52}},"71":{"start":{"line":72,"column":0},"end":{"line":72,"column":5}},"72":{"start":{"line":73,"column":0},"end":{"line":73,"column":0}},"73":{"start":{"line":74,"column":0},"end":{"line":74,"column":47}},"74":{"start":{"line":75,"column":0},"end":{"line":75,"column":26}},"75":{"start":{"line":76,"column":0},"end":{"line":76,"column":29}},"76":{"start":{"line":77,"column":0},"end":{"line":77,"column":23}},"77":{"start":{"line":78,"column":0},"end":{"line":78,"column":25}},"78":{"start":{"line":79,"column":0},"end":{"line":79,"column":31}},"79":{"start":{"line":80,"column":0},"end":{"line":80,"column":27}},"80":{"start":{"line":81,"column":0},"end":{"line":81,"column":51}},"81":{"start":{"line":82,"column":0},"end":{"line":82,"column":5}},"82":{"start":{"line":83,"column":0},"end":{"line":83,"column":0}},"83":{"start":{"line":84,"column":0},"end":{"line":84,"column":32}},"84":{"start":{"line":85,"column":0},"end":{"line":85,"column":47}},"85":{"start":{"line":86,"column":0},"end":{"line":86,"column":47}},"86":{"start":{"line":87,"column":0},"end":{"line":87,"column":33}},"87":{"start":{"line":88,"column":0},"end":{"line":88,"column":12}},"88":{"start":{"line":89,"column":0},"end":{"line":89,"column":56}},"89":{"start":{"line":90,"column":0},"end":{"line":90,"column":38}},"90":{"start":{"line":91,"column":0},"end":{"line":91,"column":18}},"91":{"start":{"line":92,"column":0},"end":{"line":92,"column":5}},"92":{"start":{"line":93,"column":0},"end":{"line":93,"column":3}},"93":{"start":{"line":94,"column":0},"end":{"line":94,"column":0}},"94":{"start":{"line":95,"column":0},"end":{"line":95,"column":29}},"95":{"start":{"line":96,"column":0},"end":{"line":96,"column":112}},"96":{"start":{"line":97,"column":0},"end":{"line":97,"column":84}},"97":{"start":{"line":98,"column":0},"end":{"line":98,"column":15}},"98":{"start":{"line":99,"column":0},"end":{"line":99,"column":7}},"99":{"start":{"line":100,"column":0},"end":{"line":100,"column":0}},"100":{"start":{"line":101,"column":0},"end":{"line":101,"column":47}},"101":{"start":{"line":102,"column":0},"end":{"line":102,"column":15}},"102":{"start":{"line":103,"column":0},"end":{"line":103,"column":22}},"103":{"start":{"line":104,"column":0},"end":{"line":104,"column":27}},"104":{"start":{"line":105,"column":0},"end":{"line":105,"column":65}},"105":{"start":{"line":106,"column":0},"end":{"line":106,"column":0}},"106":{"start":{"line":107,"column":0},"end":{"line":107,"column":29}},"107":{"start":{"line":108,"column":0},"end":{"line":108,"column":15}},"108":{"start":{"line":109,"column":0},"end":{"line":109,"column":7}},"109":{"start":{"line":110,"column":0},"end":{"line":110,"column":0}},"110":{"start":{"line":111,"column":0},"end":{"line":111,"column":22}},"111":{"start":{"line":112,"column":0},"end":{"line":112,"column":48}},"112":{"start":{"line":113,"column":0},"end":{"line":113,"column":47}},"113":{"start":{"line":114,"column":0},"end":{"line":114,"column":33}},"114":{"start":{"line":115,"column":0},"end":{"line":115,"column":26}},"115":{"start":{"line":116,"column":0},"end":{"line":116,"column":11}},"116":{"start":{"line":117,"column":0},"end":{"line":117,"column":11}},"117":{"start":{"line":118,"column":0},"end":{"line":118,"column":21}},"118":{"start":{"line":119,"column":0},"end":{"line":119,"column":17}},"119":{"start":{"line":120,"column":0},"end":{"line":120,"column":9}},"120":{"start":{"line":121,"column":0},"end":{"line":121,"column":7}},"121":{"start":{"line":122,"column":0},"end":{"line":122,"column":0}},"122":{"start":{"line":123,"column":0},"end":{"line":123,"column":42}},"123":{"start":{"line":124,"column":0},"end":{"line":124,"column":16}},"124":{"start":{"line":125,"column":0},"end":{"line":125,"column":29}},"125":{"start":{"line":126,"column":0},"end":{"line":126,"column":29}},"126":{"start":{"line":127,"column":0},"end":{"line":127,"column":9}},"127":{"start":{"line":128,"column":0},"end":{"line":128,"column":0}},"128":{"start":{"line":129,"column":0},"end":{"line":129,"column":13}},"129":{"start":{"line":130,"column":0},"end":{"line":130,"column":20}},"130":{"start":{"line":131,"column":0},"end":{"line":131,"column":25}},"131":{"start":{"line":132,"column":0},"end":{"line":132,"column":100}},"132":{"start":{"line":133,"column":0},"end":{"line":133,"column":0}},"133":{"start":{"line":134,"column":0},"end":{"line":134,"column":27}},"134":{"start":{"line":135,"column":0},"end":{"line":135,"column":0}},"135":{"start":{"line":136,"column":0},"end":{"line":136,"column":47}},"136":{"start":{"line":137,"column":0},"end":{"line":137,"column":28}},"137":{"start":{"line":138,"column":0},"end":{"line":138,"column":7}},"138":{"start":{"line":139,"column":0},"end":{"line":139,"column":7}},"139":{"start":{"line":140,"column":0},"end":{"line":140,"column":3}},"140":{"start":{"line":141,"column":0},"end":{"line":141,"column":1}},"141":{"start":{"line":142,"column":0},"end":{"line":142,"column":0}},"142":{"start":{"line":143,"column":0},"end":{"line":143,"column":25}}},"s":{"0":1,"1":1,"2":1,"3":1,"4":1,"5":1,"6":1,"7":1,"8":1,"9":0,"10":0,"11":0,"12":0,"13":0,"14":0,"15":0,"16":0,"17":0,"18":0,"19":0,"20":0,"21":0,"22":0,"23":0,"24":0,"25":0,"26":0,"27":0,"28":0,"29":0,"30":0,"31":1,"32":1,"33":0,"34":0,"35":1,"36":1,"37":0,"38":0,"39":1,"40":1,"41":0,"42":0,"43":0,"44":0,"45":0,"46":1,"47":1,"48":0,"49":0,"50":0,"51":0,"52":0,"53":1,"54":1,"55":0,"56":0,"57":0,"58":0,"59":0,"60":1,"61":1,"62":0,"63":0,"64":0,"65":0,"66":0,"67":1,"68":1,"69":0,"70":0,"71":0,"72":0,"73":0,"74":0,"75":0,"76":0,"77":0,"78":0,"79":0,"80":0,"81":0,"82":0,"83":0,"84":0,"85":0,"86":0,"87":0,"88":0,"89":0,"90":0,"91":0,"92":0,"93":1,"94":1,"95":0,"96":0,"97":0,"98":0,"99":0,"100":0,"101":0,"102":0,"103":0,"104":0,"105":0,"106":0,"107":0,"108":0,"109":0,"110":0,"111":0,"112":0,"113":0,"114":0,"115":0,"116":0,"117":0,"118":0,"119":0,"120":0,"121":0,"122":0,"123":0,"124":0,"125":0,"126":0,"127":0,"128":0,"129":0,"130":0,"131":0,"132":0,"133":0,"134":0,"135":0,"136":0,"137":0,"138":0,"139":0,"140":1,"141":1,"142":1},"branchMap":{},"b":{},"fnMap":{"0":{"name":"Session","decl":{"start":{"line":9,"column":2},"end":{"line":31,"column":3}},"loc":{"start":{"line":9,"column":2},"end":{"line":31,"column":3}},"line":9},"1":{"name":"get isSlave","decl":{"start":{"line":33,"column":2},"end":{"line":35,"column":3}},"loc":{"start":{"line":33,"column":2},"end":{"line":35,"column":3}},"line":33},"2":{"name":"get pingRateTimeout","decl":{"start":{"line":37,"column":2},"end":{"line":39,"column":3}},"loc":{"start":{"line":37,"column":2},"end":{"line":39,"column":3}},"line":37},"3":{"name":"hookBeforeJoin","decl":{"start":{"line":41,"column":2},"end":{"line":46,"column":3}},"loc":{"start":{"line":41,"column":2},"end":{"line":46,"column":3}},"line":41},"4":{"name":"hookAfterJoin","decl":{"start":{"line":48,"column":2},"end":{"line":53,"column":3}},"loc":{"start":{"line":48,"column":2},"end":{"line":53,"column":3}},"line":48},"5":{"name":"hookBeforeLeave","decl":{"start":{"line":55,"column":2},"end":{"line":60,"column":3}},"loc":{"start":{"line":55,"column":2},"end":{"line":60,"column":3}},"line":55},"6":{"name":"hookAfterLeave","decl":{"start":{"line":62,"column":2},"end":{"line":67,"column":3}},"loc":{"start":{"line":62,"column":2},"end":{"line":67,"column":3}},"line":62},"7":{"name":"join","decl":{"start":{"line":69,"column":2},"end":{"line":93,"column":3}},"loc":{"start":{"line":69,"column":2},"end":{"line":93,"column":3}},"line":69},"8":{"name":"handleConnectionManager","decl":{"start":{"line":95,"column":2},"end":{"line":140,"column":3}},"loc":{"start":{"line":95,"column":2},"end":{"line":140,"column":3}},"line":95}},"f":{"0":0,"1":0,"2":0,"3":0,"4":0,"5":0,"6":0,"7":0,"8":0}}
,"/Users/shaynlink/Development/uncove/mymbot/redis-duplex/src/index.js": {"path":"/Users/shaynlink/Development/uncove/mymbot/redis-duplex/src/index.js","all":false,"statementMap":{"0":{"start":{"line":1,"column":0},"end":{"line":1,"column":39}},"1":{"start":{"line":2,"column":0},"end":{"line":2,"column":60}},"2":{"start":{"line":3,"column":0},"end":{"line":3,"column":48}},"3":{"start":{"line":4,"column":0},"end":{"line":4,"column":50}},"4":{"start":{"line":5,"column":0},"end":{"line":5,"column":0}},"5":{"start":{"line":6,"column":0},"end":{"line":6,"column":18}},"6":{"start":{"line":7,"column":0},"end":{"line":7,"column":20}},"7":{"start":{"line":8,"column":0},"end":{"line":8,"column":11}},"8":{"start":{"line":9,"column":0},"end":{"line":9,"column":17}},"9":{"start":{"line":10,"column":0},"end":{"line":10,"column":12}},"10":{"start":{"line":11,"column":0},"end":{"line":11,"column":12}},"11":{"start":{"line":12,"column":0},"end":{"line":12,"column":1}}},"s":{"0":1,"1":1,"2":1,"3":1,"4":1,"5":1,"6":1,"7":1,"8":1,"9":1,"10":1,"11":1},"branchMap":{},"b":{},"fnMap":{},"f":{}}
,"/Users/shaynlink/Development/uncove/mymbot/redis-duplex/src/builders/CommandBuilder.js": {"path":"/Users/shaynlink/Development/uncove/mymbot/redis-duplex/src/builders/CommandBuilder.js","all":false,"statementMap":{"0":{"start":{"line":1,"column":0},"end":{"line":1,"column":46}},"1":{"start":{"line":2,"column":0},"end":{"line":2,"column":0}},"2":{"start":{"line":3,"column":0},"end":{"line":3,"column":22}},"3":{"start":{"line":4,"column":0},"end":{"line":4,"column":12}},"4":{"start":{"line":5,"column":0},"end":{"line":5,"column":34}},"5":{"start":{"line":6,"column":0},"end":{"line":6,"column":34}},"6":{"start":{"line":7,"column":0},"end":{"line":7,"column":38}},"7":{"start":{"line":8,"column":0},"end":{"line":8,"column":30}},"8":{"start":{"line":9,"column":0},"end":{"line":9,"column":36}},"9":{"start":{"line":10,"column":0},"end":{"line":10,"column":36}},"10":{"start":{"line":11,"column":0},"end":{"line":11,"column":28}},"11":{"start":{"line":12,"column":0},"end":{"line":12,"column":26}},"12":{"start":{"line":13,"column":0},"end":{"line":13,"column":30}},"13":{"start":{"line":14,"column":0},"end":{"line":14,"column":32}},"14":{"start":{"line":15,"column":0},"end":{"line":15,"column":40}},"15":{"start":{"line":16,"column":0},"end":{"line":16,"column":0}},"16":{"start":{"line":17,"column":0},"end":{"line":17,"column":26}},"17":{"start":{"line":18,"column":0},"end":{"line":18,"column":31}},"18":{"start":{"line":19,"column":0},"end":{"line":19,"column":5}},"19":{"start":{"line":20,"column":0},"end":{"line":20,"column":0}},"20":{"start":{"line":21,"column":0},"end":{"line":21,"column":19}},"21":{"start":{"line":22,"column":0},"end":{"line":22,"column":36}},"22":{"start":{"line":23,"column":0},"end":{"line":23,"column":5}},"23":{"start":{"line":24,"column":0},"end":{"line":24,"column":3}},"24":{"start":{"line":25,"column":0},"end":{"line":25,"column":0}},"25":{"start":{"line":26,"column":0},"end":{"line":26,"column":18}},"26":{"start":{"line":27,"column":0},"end":{"line":27,"column":26}},"27":{"start":{"line":28,"column":0},"end":{"line":28,"column":3}},"28":{"start":{"line":29,"column":0},"end":{"line":29,"column":0}},"29":{"start":{"line":30,"column":0},"end":{"line":30,"column":5}},"30":{"start":{"line":31,"column":0},"end":{"line":31,"column":5}},"31":{"start":{"line":32,"column":0},"end":{"line":32,"column":45}},"32":{"start":{"line":33,"column":0},"end":{"line":33,"column":14}},"33":{"start":{"line":34,"column":0},"end":{"line":34,"column":5}},"34":{"start":{"line":35,"column":0},"end":{"line":35,"column":37}},"35":{"start":{"line":36,"column":0},"end":{"line":36,"column":19}},"36":{"start":{"line":37,"column":0},"end":{"line":37,"column":36}},"37":{"start":{"line":38,"column":0},"end":{"line":38,"column":0}},"38":{"start":{"line":39,"column":0},"end":{"line":39,"column":30}},"39":{"start":{"line":40,"column":0},"end":{"line":40,"column":0}},"40":{"start":{"line":41,"column":0},"end":{"line":41,"column":33}},"41":{"start":{"line":42,"column":0},"end":{"line":42,"column":19}},"42":{"start":{"line":43,"column":0},"end":{"line":43,"column":36}},"43":{"start":{"line":44,"column":0},"end":{"line":44,"column":42}},"44":{"start":{"line":45,"column":0},"end":{"line":45,"column":8}},"45":{"start":{"line":46,"column":0},"end":{"line":46,"column":5}},"46":{"start":{"line":47,"column":0},"end":{"line":47,"column":16}},"47":{"start":{"line":48,"column":0},"end":{"line":48,"column":3}},"48":{"start":{"line":49,"column":0},"end":{"line":49,"column":0}},"49":{"start":{"line":50,"column":0},"end":{"line":50,"column":5}},"50":{"start":{"line":51,"column":0},"end":{"line":51,"column":63}},"51":{"start":{"line":52,"column":0},"end":{"line":52,"column":20}},"52":{"start":{"line":53,"column":0},"end":{"line":53,"column":5}},"53":{"start":{"line":54,"column":0},"end":{"line":54,"column":21}},"54":{"start":{"line":55,"column":0},"end":{"line":55,"column":25}},"55":{"start":{"line":56,"column":0},"end":{"line":56,"column":16}},"56":{"start":{"line":57,"column":0},"end":{"line":57,"column":3}},"57":{"start":{"line":58,"column":0},"end":{"line":58,"column":0}},"58":{"start":{"line":59,"column":0},"end":{"line":59,"column":5}},"59":{"start":{"line":60,"column":0},"end":{"line":60,"column":65}},"60":{"start":{"line":61,"column":0},"end":{"line":61,"column":20}},"61":{"start":{"line":62,"column":0},"end":{"line":62,"column":5}},"62":{"start":{"line":63,"column":0},"end":{"line":63,"column":25}},"63":{"start":{"line":64,"column":0},"end":{"line":64,"column":29}},"64":{"start":{"line":65,"column":0},"end":{"line":65,"column":16}},"65":{"start":{"line":66,"column":0},"end":{"line":66,"column":3}},"66":{"start":{"line":67,"column":0},"end":{"line":67,"column":0}},"67":{"start":{"line":68,"column":0},"end":{"line":68,"column":17}},"68":{"start":{"line":69,"column":0},"end":{"line":69,"column":21}},"69":{"start":{"line":70,"column":0},"end":{"line":70,"column":16}},"70":{"start":{"line":71,"column":0},"end":{"line":71,"column":3}},"71":{"start":{"line":72,"column":0},"end":{"line":72,"column":0}},"72":{"start":{"line":73,"column":0},"end":{"line":73,"column":17}},"73":{"start":{"line":74,"column":0},"end":{"line":74,"column":47}},"74":{"start":{"line":75,"column":0},"end":{"line":75,"column":16}},"75":{"start":{"line":76,"column":0},"end":{"line":76,"column":3}},"76":{"start":{"line":77,"column":0},"end":{"line":77,"column":0}},"77":{"start":{"line":78,"column":0},"end":{"line":78,"column":23}},"78":{"start":{"line":79,"column":0},"end":{"line":79,"column":27}},"79":{"start":{"line":80,"column":0},"end":{"line":80,"column":16}},"80":{"start":{"line":81,"column":0},"end":{"line":81,"column":3}},"81":{"start":{"line":82,"column":0},"end":{"line":82,"column":0}},"82":{"start":{"line":83,"column":0},"end":{"line":83,"column":20}},"83":{"start":{"line":84,"column":0},"end":{"line":84,"column":51}},"84":{"start":{"line":85,"column":0},"end":{"line":85,"column":16}},"85":{"start":{"line":86,"column":0},"end":{"line":86,"column":3}},"86":{"start":{"line":87,"column":0},"end":{"line":87,"column":0}},"87":{"start":{"line":88,"column":0},"end":{"line":88,"column":19}},"88":{"start":{"line":89,"column":0},"end":{"line":89,"column":23}},"89":{"start":{"line":90,"column":0},"end":{"line":90,"column":16}},"90":{"start":{"line":91,"column":0},"end":{"line":91,"column":3}},"91":{"start":{"line":92,"column":0},"end":{"line":92,"column":0}},"92":{"start":{"line":93,"column":0},"end":{"line":93,"column":15}},"93":{"start":{"line":94,"column":0},"end":{"line":94,"column":19}},"94":{"start":{"line":95,"column":0},"end":{"line":95,"column":16}},"95":{"start":{"line":96,"column":0},"end":{"line":96,"column":3}},"96":{"start":{"line":97,"column":0},"end":{"line":97,"column":0}},"97":{"start":{"line":98,"column":0},"end":{"line":98,"column":17}},"98":{"start":{"line":99,"column":0},"end":{"line":99,"column":30}},"99":{"start":{"line":100,"column":0},"end":{"line":100,"column":16}},"100":{"start":{"line":101,"column":0},"end":{"line":101,"column":3}},"101":{"start":{"line":102,"column":0},"end":{"line":102,"column":0}},"102":{"start":{"line":103,"column":0},"end":{"line":103,"column":23}},"103":{"start":{"line":104,"column":0},"end":{"line":104,"column":34}},"104":{"start":{"line":105,"column":0},"end":{"line":105,"column":16}},"105":{"start":{"line":106,"column":0},"end":{"line":106,"column":3}},"106":{"start":{"line":107,"column":0},"end":{"line":107,"column":0}},"107":{"start":{"line":108,"column":0},"end":{"line":108,"column":13}},"108":{"start":{"line":109,"column":0},"end":{"line":109,"column":17}},"109":{"start":{"line":110,"column":0},"end":{"line":110,"column":16}},"110":{"start":{"line":111,"column":0},"end":{"line":111,"column":3}},"111":{"start":{"line":112,"column":0},"end":{"line":112,"column":2}},"112":{"start":{"line":113,"column":0},"end":{"line":113,"column":23}},"113":{"start":{"line":114,"column":0},"end":{"line":114,"column":27}},"114":{"start":{"line":115,"column":0},"end":{"line":115,"column":16}},"115":{"start":{"line":116,"column":0},"end":{"line":116,"column":3}},"116":{"start":{"line":117,"column":0},"end":{"line":117,"column":0}},"117":{"start":{"line":118,"column":0},"end":{"line":118,"column":20}},"118":{"start":{"line":119,"column":0},"end":{"line":119,"column":20}},"119":{"start":{"line":120,"column":0},"end":{"line":120,"column":23}},"120":{"start":{"line":121,"column":0},"end":{"line":121,"column":16}},"121":{"start":{"line":122,"column":0},"end":{"line":122,"column":3}},"122":{"start":{"line":123,"column":0},"end":{"line":123,"column":0}},"123":{"start":{"line":124,"column":0},"end":{"line":124,"column":15}},"124":{"start":{"line":125,"column":0},"end":{"line":125,"column":25}},"125":{"start":{"line":126,"column":0},"end":{"line":126,"column":47}},"126":{"start":{"line":127,"column":0},"end":{"line":127,"column":5}},"127":{"start":{"line":128,"column":0},"end":{"line":128,"column":0}},"128":{"start":{"line":129,"column":0},"end":{"line":129,"column":31}},"129":{"start":{"line":130,"column":0},"end":{"line":130,"column":30}},"130":{"start":{"line":131,"column":0},"end":{"line":131,"column":36}},"131":{"start":{"line":132,"column":0},"end":{"line":132,"column":36}},"132":{"start":{"line":133,"column":0},"end":{"line":133,"column":23}},"133":{"start":{"line":134,"column":0},"end":{"line":134,"column":27}},"134":{"start":{"line":135,"column":0},"end":{"line":135,"column":3}},"135":{"start":{"line":136,"column":0},"end":{"line":136,"column":2}},"136":{"start":{"line":137,"column":0},"end":{"line":137,"column":12}},"137":{"start":{"line":138,"column":0},"end":{"line":138,"column":12}},"138":{"start":{"line":139,"column":0},"end":{"line":139,"column":26}},"139":{"start":{"line":140,"column":0},"end":{"line":140,"column":28}},"140":{"start":{"line":141,"column":0},"end":{"line":141,"column":30}},"141":{"start":{"line":142,"column":0},"end":{"line":142,"column":22}},"142":{"start":{"line":143,"column":0},"end":{"line":143,"column":24}},"143":{"start":{"line":144,"column":0},"end":{"line":144,"column":18}},"144":{"start":{"line":145,"column":0},"end":{"line":145,"column":28}},"145":{"start":{"line":146,"column":0},"end":{"line":146,"column":20}},"146":{"start":{"line":147,"column":0},"end":{"line":147,"column":22}},"147":{"start":{"line":148,"column":0},"end":{"line":148,"column":22}},"148":{"start":{"line":149,"column":0},"end":{"line":149,"column":24}},"149":{"start":{"line":150,"column":0},"end":{"line":150,"column":32}},"150":{"start":{"line":151,"column":0},"end":{"line":151,"column":5}},"151":{"start":{"line":152,"column":0},"end":{"line":152,"column":3}},"152":{"start":{"line":153,"column":0},"end":{"line":153,"column":0}},"153":{"start":{"line":154,"column":0},"end":{"line":154,"column":18}},"154":{"start":{"line":155,"column":0},"end":{"line":155,"column":70}},"155":{"start":{"line":156,"column":0},"end":{"line":156,"column":3}},"156":{"start":{"line":157,"column":0},"end":{"line":157,"column":0}},"157":{"start":{"line":158,"column":0},"end":{"line":158,"column":14}},"158":{"start":{"line":159,"column":0},"end":{"line":159,"column":41}},"159":{"start":{"line":160,"column":0},"end":{"line":160,"column":3}},"160":{"start":{"line":161,"column":0},"end":{"line":161,"column":0}},"161":{"start":{"line":162,"column":0},"end":{"line":162,"column":30}},"162":{"start":{"line":163,"column":0},"end":{"line":163,"column":25}},"163":{"start":{"line":164,"column":0},"end":{"line":164,"column":3}},"164":{"start":{"line":165,"column":0},"end":{"line":165,"column":1}},"165":{"start":{"line":166,"column":0},"end":{"line":166,"column":0}},"166":{"start":{"line":167,"column":0},"end":{"line":167,"column":32}}},"s":{"0":1,"1":1,"2":1,"3":26,"4":26,"5":26,"6":26,"7":26,"8":26,"9":26,"10":26,"11":26,"12":26,"13":26,"14":26,"15":26,"16":26,"17":24,"18":24,"19":26,"20":26,"21":0,"22":0,"23":26,"24":26,"25":26,"26":6,"27":6,"28":26,"29":26,"30":26,"31":26,"32":26,"33":26,"34":26,"35":9,"36":9,"37":9,"38":9,"39":9,"40":9,"41":7,"42":7,"43":7,"44":7,"45":7,"46":9,"47":9,"48":26,"49":26,"50":26,"51":26,"52":26,"53":26,"54":5,"55":5,"56":5,"57":26,"58":26,"59":26,"60":26,"61":26,"62":26,"63":4,"64":4,"65":4,"66":26,"67":26,"68":5,"69":5,"70":5,"71":26,"72":26,"73":2,"74":2,"75":2,"76":26,"77":26,"78":3,"79":3,"80":3,"81":26,"82":26,"83":2,"84":2,"85":2,"86":26,"87":26,"88":1,"89":1,"90":1,"91":26,"92":26,"93":6,"94":6,"95":6,"96":26,"97":26,"98":3,"99":3,"100":3,"101":26,"102":26,"103":25,"104":25,"105":25,"106":26,"107":26,"108":0,"109":0,"110":0,"111":26,"112":26,"113":5,"114":5,"115":5,"116":26,"117":26,"118":3,"119":3,"120":3,"121":3,"122":26,"123":26,"124":1,"125":0,"126":0,"127":1,"128":1,"129":1,"130":1,"131":1,"132":1,"133":1,"134":1,"135":26,"136":26,"137":2,"138":2,"139":2,"140":2,"141":2,"142":2,"143":2,"144":2,"145":2,"146":2,"147":2,"148":2,"149":2,"150":2,"151":2,"152":26,"153":26,"154":1,"155":1,"156":26,"157":26,"158":2,"159":2,"160":26,"161":26,"162":0,"163":0,"164":26,"165":1,"166":1},"branchMap":{"0":{"type":"branch","line":3,"loc":{"start":{"line":3,"column":21},"end":{"line":165,"column":1}},"locations":[{"start":{"line":3,"column":21},"end":{"line":165,"column":1}}]},"1":{"type":"branch","line":5,"loc":{"start":{"line":5,"column":2},"end":{"line":24,"column":3}},"locations":[{"start":{"line":5,"column":2},"end":{"line":24,"column":3}}]},"2":{"type":"branch","line":6,"loc":{"start":{"line":6,"column":25},"end":{"line":6,"column":33}},"locations":[{"start":{"line":6,"column":25},"end":{"line":6,"column":33}}]},"3":{"type":"branch","line":7,"loc":{"start":{"line":7,"column":27},"end":{"line":7,"column":37}},"locations":[{"start":{"line":7,"column":27},"end":{"line":7,"column":37}}]},"4":{"type":"branch","line":8,"loc":{"start":{"line":8,"column":23},"end":{"line":8,"column":29}},"locations":[{"start":{"line":8,"column":23},"end":{"line":8,"column":29}}]},"5":{"type":"branch","line":9,"loc":{"start":{"line":9,"column":26},"end":{"line":9,"column":35}},"locations":[{"start":{"line":9,"column":26},"end":{"line":9,"column":35}}]},"6":{"type":"branch","line":10,"loc":{"start":{"line":10,"column":26},"end":{"line":10,"column":35}},"locations":[{"start":{"line":10,"column":26},"end":{"line":10,"column":35}}]},"7":{"type":"branch","line":11,"loc":{"start":{"line":11,"column":22},"end":{"line":11,"column":27}},"locations":[{"start":{"line":11,"column":22},"end":{"line":11,"column":27}}]},"8":{"type":"branch","line":12,"loc":{"start":{"line":12,"column":21},"end":{"line":12,"column":25}},"locations":[{"start":{"line":12,"column":21},"end":{"line":12,"column":25}}]},"9":{"type":"branch","line":13,"loc":{"start":{"line":13,"column":23},"end":{"line":13,"column":29}},"locations":[{"start":{"line":13,"column":23},"end":{"line":13,"column":29}}]},"10":{"type":"branch","line":14,"loc":{"start":{"line":14,"column":24},"end":{"line":14,"column":31}},"locations":[{"start":{"line":14,"column":24},"end":{"line":14,"column":31}}]},"11":{"type":"branch","line":15,"loc":{"start":{"line":15,"column":28},"end":{"line":15,"column":39}},"locations":[{"start":{"line":15,"column":28},"end":{"line":15,"column":39}}]},"12":{"type":"branch","line":17,"loc":{"start":{"line":17,"column":25},"end":{"line":19,"column":5}},"locations":[{"start":{"line":17,"column":25},"end":{"line":19,"column":5}}]},"13":{"type":"branch","line":21,"loc":{"start":{"line":21,"column":18},"end":{"line":23,"column":5}},"locations":[{"start":{"line":21,"column":18},"end":{"line":23,"column":5}}]},"14":{"type":"branch","line":26,"loc":{"start":{"line":26,"column":2},"end":{"line":28,"column":3}},"locations":[{"start":{"line":26,"column":2},"end":{"line":28,"column":3}}]},"15":{"type":"branch","line":35,"loc":{"start":{"line":35,"column":2},"end":{"line":48,"column":3}},"locations":[{"start":{"line":35,"column":2},"end":{"line":48,"column":3}}]},"16":{"type":"branch","line":41,"loc":{"start":{"line":41,"column":32},"end":{"line":46,"column":5}},"locations":[{"start":{"line":41,"column":32},"end":{"line":46,"column":5}}]},"17":{"type":"branch","line":54,"loc":{"start":{"line":54,"column":2},"end":{"line":57,"column":3}},"locations":[{"start":{"line":54,"column":2},"end":{"line":57,"column":3}}]},"18":{"type":"branch","line":63,"loc":{"start":{"line":63,"column":2},"end":{"line":66,"column":3}},"locations":[{"start":{"line":63,"column":2},"end":{"line":66,"column":3}}]},"19":{"type":"branch","line":68,"loc":{"start":{"line":68,"column":2},"end":{"line":71,"column":3}},"locations":[{"start":{"line":68,"column":2},"end":{"line":71,"column":3}}]},"20":{"type":"branch","line":73,"loc":{"start":{"line":73,"column":2},"end":{"line":76,"column":3}},"locations":[{"start":{"line":73,"column":2},"end":{"line":76,"column":3}}]},"21":{"type":"branch","line":78,"loc":{"start":{"line":78,"column":2},"end":{"line":81,"column":3}},"locations":[{"start":{"line":78,"column":2},"end":{"line":81,"column":3}}]},"22":{"type":"branch","line":83,"loc":{"start":{"line":83,"column":2},"end":{"line":86,"column":3}},"locations":[{"start":{"line":83,"column":2},"end":{"line":86,"column":3}}]},"23":{"type":"branch","line":88,"loc":{"start":{"line":88,"column":2},"end":{"line":91,"column":3}},"locations":[{"start":{"line":88,"column":2},"end":{"line":91,"column":3}}]},"24":{"type":"branch","line":93,"loc":{"start":{"line":93,"column":2},"end":{"line":96,"column":3}},"locations":[{"start":{"line":93,"column":2},"end":{"line":96,"column":3}}]},"25":{"type":"branch","line":98,"loc":{"start":{"line":98,"column":2},"end":{"line":101,"column":3}},"locations":[{"start":{"line":98,"column":2},"end":{"line":101,"column":3}}]},"26":{"type":"branch","line":103,"loc":{"start":{"line":103,"column":2},"end":{"line":106,"column":3}},"locations":[{"start":{"line":103,"column":2},"end":{"line":106,"column":3}}]},"27":{"type":"branch","line":113,"loc":{"start":{"line":113,"column":2},"end":{"line":116,"column":3}},"locations":[{"start":{"line":113,"column":2},"end":{"line":116,"column":3}}]},"28":{"type":"branch","line":118,"loc":{"start":{"line":118,"column":4},"end":{"line":122,"column":3}},"locations":[{"start":{"line":118,"column":4},"end":{"line":122,"column":3}}]},"29":{"type":"branch","line":124,"loc":{"start":{"line":124,"column":2},"end":{"line":135,"column":3}},"locations":[{"start":{"line":124,"column":2},"end":{"line":135,"column":3}}]},"30":{"type":"branch","line":125,"loc":{"start":{"line":125,"column":24},"end":{"line":127,"column":5}},"locations":[{"start":{"line":125,"column":24},"end":{"line":127,"column":5}}]},"31":{"type":"branch","line":137,"loc":{"start":{"line":137,"column":2},"end":{"line":152,"column":3}},"locations":[{"start":{"line":137,"column":2},"end":{"line":152,"column":3}}]},"32":{"type":"branch","line":154,"loc":{"start":{"line":154,"column":2},"end":{"line":156,"column":3}},"locations":[{"start":{"line":154,"column":2},"end":{"line":156,"column":3}}]},"33":{"type":"branch","line":158,"loc":{"start":{"line":158,"column":2},"end":{"line":160,"column":3}},"locations":[{"start":{"line":158,"column":2},"end":{"line":160,"column":3}}]}},"b":{"0":[26],"1":[26],"2":[2],"3":[2],"4":[2],"5":[2],"6":[2],"7":[2],"8":[2],"9":[2],"10":[2],"11":[2],"12":[24],"13":[0],"14":[6],"15":[9],"16":[7],"17":[5],"18":[4],"19":[5],"20":[2],"21":[3],"22":[2],"23":[1],"24":[6],"25":[3],"26":[25],"27":[5],"28":[3],"29":[1],"30":[0],"31":[2],"32":[1],"33":[2]},"fnMap":{"0":{"name":"<instance_members_initializer>","decl":{"start":{"line":3,"column":21},"end":{"line":165,"column":1}},"loc":{"start":{"line":3,"column":21},"end":{"line":165,"column":1}},"line":3},"1":{"name":"CommandBuilder","decl":{"start":{"line":5,"column":2},"end":{"line":24,"column":3}},"loc":{"start":{"line":5,"column":2},"end":{"line":24,"column":3}},"line":5},"2":{"name":"get instance","decl":{"start":{"line":26,"column":2},"end":{"line":28,"column":3}},"loc":{"start":{"line":26,"column":2},"end":{"line":28,"column":3}},"line":26},"3":{"name":"injectInstance","decl":{"start":{"line":35,"column":2},"end":{"line":48,"column":3}},"loc":{"start":{"line":35,"column":2},"end":{"line":48,"column":3}},"line":35},"4":{"name":"setMethod","decl":{"start":{"line":54,"column":2},"end":{"line":57,"column":3}},"loc":{"start":{"line":54,"column":2},"end":{"line":57,"column":3}},"line":54},"5":{"name":"setResource","decl":{"start":{"line":63,"column":2},"end":{"line":66,"column":3}},"loc":{"start":{"line":63,"column":2},"end":{"line":66,"column":3}},"line":63},"6":{"name":"setUser","decl":{"start":{"line":68,"column":2},"end":{"line":71,"column":3}},"loc":{"start":{"line":68,"column":2},"end":{"line":71,"column":3}},"line":68},"7":{"name":"useSelfUser","decl":{"start":{"line":73,"column":2},"end":{"line":76,"column":3}},"loc":{"start":{"line":73,"column":2},"end":{"line":76,"column":3}},"line":73},"8":{"name":"setManager","decl":{"start":{"line":78,"column":2},"end":{"line":81,"column":3}},"loc":{"start":{"line":78,"column":2},"end":{"line":81,"column":3}},"line":78},"9":{"name":"useSelfManager","decl":{"start":{"line":83,"column":2},"end":{"line":86,"column":3}},"loc":{"start":{"line":83,"column":2},"end":{"line":86,"column":3}},"line":83},"10":{"name":"setValue","decl":{"start":{"line":88,"column":2},"end":{"line":91,"column":3}},"loc":{"start":{"line":88,"column":2},"end":{"line":91,"column":3}},"line":88},"11":{"name":"setKey","decl":{"start":{"line":93,"column":2},"end":{"line":96,"column":3}},"loc":{"start":{"line":93,"column":2},"end":{"line":96,"column":3}},"line":93},"12":{"name":"generateKey","decl":{"start":{"line":98,"column":2},"end":{"line":101,"column":3}},"loc":{"start":{"line":98,"column":2},"end":{"line":101,"column":3}},"line":98},"13":{"name":"generateCommandId","decl":{"start":{"line":103,"column":2},"end":{"line":106,"column":3}},"loc":{"start":{"line":103,"column":2},"end":{"line":106,"column":3}},"line":103},"14":{"name":"setUi","decl":{"start":{"line":108,"column":2},"end":{"line":111,"column":3}},"loc":{"start":{"line":108,"column":2},"end":{"line":111,"column":3}},"line":108},"15":{"name":"setCommand","decl":{"start":{"line":113,"column":2},"end":{"line":116,"column":3}},"loc":{"start":{"line":113,"column":2},"end":{"line":116,"column":3}},"line":113},"16":{"name":"setBroadcast","decl":{"start":{"line":118,"column":4},"end":{"line":122,"column":3}},"loc":{"start":{"line":118,"column":4},"end":{"line":122,"column":3}},"line":118},"17":{"name":"duplicate","decl":{"start":{"line":124,"column":2},"end":{"line":135,"column":3}},"loc":{"start":{"line":124,"column":2},"end":{"line":135,"column":3}},"line":124},"18":{"name":"toJSON","decl":{"start":{"line":137,"column":2},"end":{"line":152,"column":3}},"loc":{"start":{"line":137,"column":2},"end":{"line":152,"column":3}},"line":137},"19":{"name":"toStringFrom","decl":{"start":{"line":154,"column":2},"end":{"line":156,"column":3}},"loc":{"start":{"line":154,"column":2},"end":{"line":156,"column":3}},"line":154},"20":{"name":"toString","decl":{"start":{"line":158,"column":2},"end":{"line":160,"column":3}},"loc":{"start":{"line":158,"column":2},"end":{"line":160,"column":3}},"line":158},"21":{"name":"Object.<anonymous>","decl":{"start":{"line":162,"column":2},"end":{"line":164,"column":3}},"loc":{"start":{"line":162,"column":2},"end":{"line":164,"column":3}},"line":162}},"f":{"0":26,"1":26,"2":6,"3":9,"4":5,"5":4,"6":5,"7":2,"8":3,"9":2,"10":1,"11":6,"12":3,"13":25,"14":0,"15":5,"16":3,"17":1,"18":2,"19":1,"20":2,"21":0}}
,"/Users/shaynlink/Development/uncove/mymbot/redis-duplex/src/events/Publisher.js": {"path":"/Users/shaynlink/Development/uncove/mymbot/redis-duplex/src/events/Publisher.js","all":false,"statementMap":{"0":{"start":{"line":1,"column":0},"end":{"line":1,"column":17}},"1":{"start":{"line":2,"column":0},"end":{"line":2,"column":5}},"2":{"start":{"line":3,"column":0},"end":{"line":3,"column":45}},"3":{"start":{"line":4,"column":0},"end":{"line":4,"column":5}},"4":{"start":{"line":5,"column":0},"end":{"line":5,"column":25}},"5":{"start":{"line":6,"column":0},"end":{"line":6,"column":7}},"6":{"start":{"line":7,"column":0},"end":{"line":7,"column":36}},"7":{"start":{"line":8,"column":0},"end":{"line":8,"column":7}},"8":{"start":{"line":9,"column":0},"end":{"line":9,"column":29}},"9":{"start":{"line":10,"column":0},"end":{"line":10,"column":0}},"10":{"start":{"line":11,"column":0},"end":{"line":11,"column":7}},"11":{"start":{"line":12,"column":0},"end":{"line":12,"column":38}},"12":{"start":{"line":13,"column":0},"end":{"line":13,"column":7}},"13":{"start":{"line":14,"column":0},"end":{"line":14,"column":52}},"14":{"start":{"line":15,"column":0},"end":{"line":15,"column":0}},"15":{"start":{"line":16,"column":0},"end":{"line":16,"column":42}},"16":{"start":{"line":17,"column":0},"end":{"line":17,"column":52}},"17":{"start":{"line":18,"column":0},"end":{"line":18,"column":7}},"18":{"start":{"line":19,"column":0},"end":{"line":19,"column":3}},"19":{"start":{"line":20,"column":0},"end":{"line":20,"column":0}},"20":{"start":{"line":21,"column":0},"end":{"line":21,"column":5}},"21":{"start":{"line":22,"column":0},"end":{"line":22,"column":23}},"22":{"start":{"line":23,"column":0},"end":{"line":23,"column":58}},"23":{"start":{"line":24,"column":0},"end":{"line":24,"column":31}},"24":{"start":{"line":25,"column":0},"end":{"line":25,"column":5}},"25":{"start":{"line":26,"column":0},"end":{"line":26,"column":20}},"26":{"start":{"line":27,"column":0},"end":{"line":27,"column":42}},"27":{"start":{"line":28,"column":0},"end":{"line":28,"column":43}},"28":{"start":{"line":29,"column":0},"end":{"line":29,"column":73}},"29":{"start":{"line":30,"column":0},"end":{"line":30,"column":3}},"30":{"start":{"line":31,"column":0},"end":{"line":31,"column":1}},"31":{"start":{"line":32,"column":0},"end":{"line":32,"column":0}},"32":{"start":{"line":33,"column":0},"end":{"line":33,"column":27}}},"s":{"0":1,"1":1,"2":1,"3":1,"4":1,"5":1,"6":1,"7":1,"8":1,"9":1,"10":1,"11":1,"12":1,"13":1,"14":1,"15":1,"16":0,"17":1,"18":1,"19":1,"20":1,"21":1,"22":1,"23":1,"24":1,"25":1,"26":2,"27":2,"28":2,"29":2,"30":1,"31":1,"32":1},"branchMap":{"0":{"type":"branch","line":5,"loc":{"start":{"line":5,"column":2},"end":{"line":19,"column":3}},"locations":[{"start":{"line":5,"column":2},"end":{"line":19,"column":3}}]},"1":{"type":"branch","line":26,"loc":{"start":{"line":26,"column":2},"end":{"line":30,"column":3}},"locations":[{"start":{"line":26,"column":2},"end":{"line":30,"column":3}}]}},"b":{"0":[1],"1":[2]},"fnMap":{"0":{"name":"Publisher","decl":{"start":{"line":5,"column":2},"end":{"line":19,"column":3}},"loc":{"start":{"line":5,"column":2},"end":{"line":19,"column":3}},"line":5},"1":{"name":"publish","decl":{"start":{"line":26,"column":2},"end":{"line":30,"column":3}},"loc":{"start":{"line":26,"column":2},"end":{"line":30,"column":3}},"line":26}},"f":{"0":1,"1":2}}
,"/Users/shaynlink/Development/uncove/mymbot/redis-duplex/src/events/Subscriber.js": {"path":"/Users/shaynlink/Development/uncove/mymbot/redis-duplex/src/events/Subscriber.js","all":false,"statementMap":{"0":{"start":{"line":1,"column":0},"end":{"line":1,"column":61}},"1":{"start":{"line":2,"column":0},"end":{"line":2,"column":50}},"2":{"start":{"line":3,"column":0},"end":{"line":3,"column":0}},"3":{"start":{"line":4,"column":0},"end":{"line":4,"column":18}},"4":{"start":{"line":5,"column":0},"end":{"line":5,"column":5}},"5":{"start":{"line":6,"column":0},"end":{"line":6,"column":44}},"6":{"start":{"line":7,"column":0},"end":{"line":7,"column":5}},"7":{"start":{"line":8,"column":0},"end":{"line":8,"column":25}},"8":{"start":{"line":9,"column":0},"end":{"line":9,"column":7}},"9":{"start":{"line":10,"column":0},"end":{"line":10,"column":45}},"10":{"start":{"line":11,"column":0},"end":{"line":11,"column":7}},"11":{"start":{"line":12,"column":0},"end":{"line":12,"column":29}},"12":{"start":{"line":13,"column":0},"end":{"line":13,"column":0}},"13":{"start":{"line":14,"column":0},"end":{"line":14,"column":7}},"14":{"start":{"line":15,"column":0},"end":{"line":15,"column":38}},"15":{"start":{"line":16,"column":0},"end":{"line":16,"column":7}},"16":{"start":{"line":17,"column":0},"end":{"line":17,"column":52}},"17":{"start":{"line":18,"column":0},"end":{"line":18,"column":0}},"18":{"start":{"line":19,"column":0},"end":{"line":19,"column":7}},"19":{"start":{"line":20,"column":0},"end":{"line":20,"column":34}},"20":{"start":{"line":21,"column":0},"end":{"line":21,"column":7}},"21":{"start":{"line":22,"column":0},"end":{"line":22,"column":30}},"22":{"start":{"line":23,"column":0},"end":{"line":23,"column":0}},"23":{"start":{"line":24,"column":0},"end":{"line":24,"column":7}},"24":{"start":{"line":25,"column":0},"end":{"line":25,"column":56}},"25":{"start":{"line":26,"column":0},"end":{"line":26,"column":7}},"26":{"start":{"line":27,"column":0},"end":{"line":27,"column":33}},"27":{"start":{"line":28,"column":0},"end":{"line":28,"column":7}},"28":{"start":{"line":29,"column":0},"end":{"line":29,"column":58}},"29":{"start":{"line":30,"column":0},"end":{"line":30,"column":7}},"30":{"start":{"line":31,"column":0},"end":{"line":31,"column":35}},"31":{"start":{"line":32,"column":0},"end":{"line":32,"column":0}},"32":{"start":{"line":33,"column":0},"end":{"line":33,"column":42}},"33":{"start":{"line":34,"column":0},"end":{"line":34,"column":53}},"34":{"start":{"line":35,"column":0},"end":{"line":35,"column":7}},"35":{"start":{"line":36,"column":0},"end":{"line":36,"column":0}},"36":{"start":{"line":37,"column":0},"end":{"line":37,"column":99}},"37":{"start":{"line":38,"column":0},"end":{"line":38,"column":45}},"38":{"start":{"line":39,"column":0},"end":{"line":39,"column":25}},"39":{"start":{"line":40,"column":0},"end":{"line":40,"column":31}},"40":{"start":{"line":41,"column":0},"end":{"line":41,"column":34}},"41":{"start":{"line":42,"column":0},"end":{"line":42,"column":31}},"42":{"start":{"line":43,"column":0},"end":{"line":43,"column":31}},"43":{"start":{"line":44,"column":0},"end":{"line":44,"column":7}},"44":{"start":{"line":45,"column":0},"end":{"line":45,"column":0}},"45":{"start":{"line":46,"column":0},"end":{"line":46,"column":58}},"46":{"start":{"line":47,"column":0},"end":{"line":47,"column":16}},"47":{"start":{"line":48,"column":0},"end":{"line":48,"column":50}},"48":{"start":{"line":49,"column":0},"end":{"line":49,"column":7}},"49":{"start":{"line":50,"column":0},"end":{"line":50,"column":6}},"50":{"start":{"line":51,"column":0},"end":{"line":51,"column":0}},"51":{"start":{"line":52,"column":0},"end":{"line":52,"column":55}},"52":{"start":{"line":53,"column":0},"end":{"line":53,"column":43}},"53":{"start":{"line":54,"column":0},"end":{"line":54,"column":46}},"54":{"start":{"line":55,"column":0},"end":{"line":55,"column":20}},"55":{"start":{"line":56,"column":0},"end":{"line":56,"column":13}},"56":{"start":{"line":57,"column":0},"end":{"line":57,"column":40}},"57":{"start":{"line":58,"column":0},"end":{"line":58,"column":21}},"58":{"start":{"line":59,"column":0},"end":{"line":59,"column":63}},"59":{"start":{"line":60,"column":0},"end":{"line":60,"column":17}},"60":{"start":{"line":61,"column":0},"end":{"line":61,"column":9}},"61":{"start":{"line":62,"column":0},"end":{"line":62,"column":0}},"62":{"start":{"line":63,"column":0},"end":{"line":63,"column":51}},"63":{"start":{"line":64,"column":0},"end":{"line":64,"column":65}},"64":{"start":{"line":65,"column":0},"end":{"line":65,"column":0}},"65":{"start":{"line":66,"column":0},"end":{"line":66,"column":12}},"66":{"start":{"line":67,"column":0},"end":{"line":67,"column":31}},"67":{"start":{"line":68,"column":0},"end":{"line":68,"column":93}},"68":{"start":{"line":69,"column":0},"end":{"line":69,"column":9}},"69":{"start":{"line":70,"column":0},"end":{"line":70,"column":0}},"70":{"start":{"line":71,"column":0},"end":{"line":71,"column":94}},"71":{"start":{"line":72,"column":0},"end":{"line":72,"column":17}},"72":{"start":{"line":73,"column":0},"end":{"line":73,"column":9}},"73":{"start":{"line":74,"column":0},"end":{"line":74,"column":0}},"74":{"start":{"line":75,"column":0},"end":{"line":75,"column":54}},"75":{"start":{"line":76,"column":0},"end":{"line":76,"column":32}},"76":{"start":{"line":77,"column":0},"end":{"line":77,"column":11}},"77":{"start":{"line":78,"column":0},"end":{"line":78,"column":0}},"78":{"start":{"line":79,"column":0},"end":{"line":79,"column":26}},"79":{"start":{"line":80,"column":0},"end":{"line":80,"column":57}},"80":{"start":{"line":81,"column":0},"end":{"line":81,"column":47}},"81":{"start":{"line":82,"column":0},"end":{"line":82,"column":24}},"82":{"start":{"line":83,"column":0},"end":{"line":83,"column":55}},"83":{"start":{"line":84,"column":0},"end":{"line":84,"column":11}},"84":{"start":{"line":85,"column":0},"end":{"line":85,"column":11}},"85":{"start":{"line":86,"column":0},"end":{"line":86,"column":0}},"86":{"start":{"line":87,"column":0},"end":{"line":87,"column":54}},"87":{"start":{"line":88,"column":0},"end":{"line":88,"column":7}},"88":{"start":{"line":89,"column":0},"end":{"line":89,"column":7}},"89":{"start":{"line":90,"column":0},"end":{"line":90,"column":0}},"90":{"start":{"line":91,"column":0},"end":{"line":91,"column":37}},"91":{"start":{"line":92,"column":0},"end":{"line":92,"column":41}},"92":{"start":{"line":93,"column":0},"end":{"line":93,"column":7}},"93":{"start":{"line":94,"column":0},"end":{"line":94,"column":3}},"94":{"start":{"line":95,"column":0},"end":{"line":95,"column":0}},"95":{"start":{"line":96,"column":0},"end":{"line":96,"column":5}},"96":{"start":{"line":97,"column":0},"end":{"line":97,"column":32}},"97":{"start":{"line":98,"column":0},"end":{"line":98,"column":52}},"98":{"start":{"line":99,"column":0},"end":{"line":99,"column":63}},"99":{"start":{"line":100,"column":0},"end":{"line":100,"column":121}},"100":{"start":{"line":101,"column":0},"end":{"line":101,"column":5}},"101":{"start":{"line":102,"column":0},"end":{"line":102,"column":29}},"102":{"start":{"line":103,"column":0},"end":{"line":103,"column":41}},"103":{"start":{"line":104,"column":0},"end":{"line":104,"column":0}},"104":{"start":{"line":105,"column":0},"end":{"line":105,"column":31}},"105":{"start":{"line":106,"column":0},"end":{"line":106,"column":0}},"106":{"start":{"line":107,"column":0},"end":{"line":107,"column":18}},"107":{"start":{"line":108,"column":0},"end":{"line":108,"column":36}},"108":{"start":{"line":109,"column":0},"end":{"line":109,"column":5}},"109":{"start":{"line":110,"column":0},"end":{"line":110,"column":3}},"110":{"start":{"line":111,"column":0},"end":{"line":111,"column":0}},"111":{"start":{"line":112,"column":0},"end":{"line":112,"column":5}},"112":{"start":{"line":113,"column":0},"end":{"line":113,"column":39}},"113":{"start":{"line":114,"column":0},"end":{"line":114,"column":62}},"114":{"start":{"line":115,"column":0},"end":{"line":115,"column":50}},"115":{"start":{"line":116,"column":0},"end":{"line":116,"column":5}},"116":{"start":{"line":117,"column":0},"end":{"line":117,"column":23}},"117":{"start":{"line":118,"column":0},"end":{"line":118,"column":37}},"118":{"start":{"line":119,"column":0},"end":{"line":119,"column":0}},"119":{"start":{"line":120,"column":0},"end":{"line":120,"column":18}},"120":{"start":{"line":121,"column":0},"end":{"line":121,"column":49}},"121":{"start":{"line":122,"column":0},"end":{"line":122,"column":5}},"122":{"start":{"line":123,"column":0},"end":{"line":123,"column":3}},"123":{"start":{"line":124,"column":0},"end":{"line":124,"column":0}},"124":{"start":{"line":125,"column":0},"end":{"line":125,"column":5}},"125":{"start":{"line":126,"column":0},"end":{"line":126,"column":53}},"126":{"start":{"line":127,"column":0},"end":{"line":127,"column":59}},"127":{"start":{"line":128,"column":0},"end":{"line":128,"column":5}},"128":{"start":{"line":129,"column":0},"end":{"line":129,"column":29}},"129":{"start":{"line":130,"column":0},"end":{"line":130,"column":60}},"130":{"start":{"line":131,"column":0},"end":{"line":131,"column":19}},"131":{"start":{"line":132,"column":0},"end":{"line":132,"column":5}},"132":{"start":{"line":133,"column":0},"end":{"line":133,"column":0}},"133":{"start":{"line":134,"column":0},"end":{"line":134,"column":66}},"134":{"start":{"line":135,"column":0},"end":{"line":135,"column":19}},"135":{"start":{"line":136,"column":0},"end":{"line":136,"column":5}},"136":{"start":{"line":137,"column":0},"end":{"line":137,"column":0}},"137":{"start":{"line":138,"column":0},"end":{"line":138,"column":63}},"138":{"start":{"line":139,"column":0},"end":{"line":139,"column":19}},"139":{"start":{"line":140,"column":0},"end":{"line":140,"column":5}},"140":{"start":{"line":141,"column":0},"end":{"line":141,"column":2}},"141":{"start":{"line":142,"column":0},"end":{"line":142,"column":8}},"142":{"start":{"line":143,"column":0},"end":{"line":143,"column":28}},"143":{"start":{"line":144,"column":0},"end":{"line":144,"column":22}},"144":{"start":{"line":145,"column":0},"end":{"line":145,"column":31}},"145":{"start":{"line":146,"column":0},"end":{"line":146,"column":30}},"146":{"start":{"line":147,"column":0},"end":{"line":147,"column":39}},"147":{"start":{"line":148,"column":0},"end":{"line":148,"column":54}},"148":{"start":{"line":149,"column":0},"end":{"line":149,"column":28}},"149":{"start":{"line":150,"column":0},"end":{"line":150,"column":9}},"150":{"start":{"line":151,"column":0},"end":{"line":151,"column":19}},"151":{"start":{"line":152,"column":0},"end":{"line":152,"column":5}},"152":{"start":{"line":153,"column":0},"end":{"line":153,"column":0}},"153":{"start":{"line":154,"column":0},"end":{"line":154,"column":8}},"154":{"start":{"line":155,"column":0},"end":{"line":155,"column":28}},"155":{"start":{"line":156,"column":0},"end":{"line":156,"column":25}},"156":{"start":{"line":157,"column":0},"end":{"line":157,"column":33}},"157":{"start":{"line":158,"column":0},"end":{"line":158,"column":45}},"158":{"start":{"line":159,"column":0},"end":{"line":159,"column":60}},"159":{"start":{"line":160,"column":0},"end":{"line":160,"column":31}},"160":{"start":{"line":161,"column":0},"end":{"line":161,"column":9}},"161":{"start":{"line":162,"column":0},"end":{"line":162,"column":19}},"162":{"start":{"line":163,"column":0},"end":{"line":163,"column":5}},"163":{"start":{"line":164,"column":0},"end":{"line":164,"column":0}},"164":{"start":{"line":165,"column":0},"end":{"line":165,"column":51}},"165":{"start":{"line":166,"column":0},"end":{"line":166,"column":19}},"166":{"start":{"line":167,"column":0},"end":{"line":167,"column":5}},"167":{"start":{"line":168,"column":0},"end":{"line":168,"column":0}},"168":{"start":{"line":169,"column":0},"end":{"line":169,"column":16}},"169":{"start":{"line":170,"column":0},"end":{"line":170,"column":3}},"170":{"start":{"line":171,"column":0},"end":{"line":171,"column":1}},"171":{"start":{"line":172,"column":0},"end":{"line":172,"column":0}},"172":{"start":{"line":173,"column":0},"end":{"line":173,"column":28}}},"s":{"0":1,"1":1,"2":1,"3":1,"4":1,"5":1,"6":1,"7":1,"8":1,"9":1,"10":1,"11":1,"12":1,"13":1,"14":1,"15":1,"16":1,"17":1,"18":1,"19":1,"20":1,"21":1,"22":1,"23":1,"24":1,"25":1,"26":1,"27":1,"28":1,"29":1,"30":1,"31":1,"32":1,"33":0,"34":1,"35":1,"36":1,"37":1,"38":1,"39":1,"40":1,"41":1,"42":1,"43":1,"44":1,"45":1,"46":1,"47":0,"48":0,"49":1,"50":1,"51":1,"52":2,"53":2,"54":2,"55":2,"56":2,"57":2,"58":0,"59":0,"60":0,"61":2,"62":2,"63":2,"64":2,"65":2,"66":2,"67":2,"68":2,"69":2,"70":2,"71":0,"72":0,"73":2,"74":2,"75":0,"76":2,"77":2,"78":2,"79":2,"80":4,"81":2,"82":2,"83":2,"84":2,"85":2,"86":2,"87":2,"88":1,"89":1,"90":1,"91":1,"92":1,"93":1,"94":1,"95":1,"96":1,"97":1,"98":1,"99":1,"100":1,"101":1,"102":2,"103":2,"104":2,"105":2,"106":2,"107":0,"108":0,"109":2,"110":1,"111":1,"112":1,"113":1,"114":1,"115":1,"116":1,"117":0,"118":0,"119":0,"120":0,"121":0,"122":0,"123":1,"124":1,"125":1,"126":1,"127":1,"128":1,"129":28,"130":3,"131":3,"132":25,"133":28,"134":1,"135":1,"136":24,"137":28,"138":3,"139":3,"140":21,"141":21,"142":21,"143":28,"144":28,"145":28,"146":28,"147":28,"148":3,"149":28,"150":2,"151":2,"152":19,"153":19,"154":19,"155":28,"156":28,"157":28,"158":28,"159":3,"160":28,"161":2,"162":2,"163":17,"164":28,"165":2,"166":2,"167":15,"168":15,"169":15,"170":1,"171":1,"172":1},"branchMap":{"0":{"type":"branch","line":8,"loc":{"start":{"line":8,"column":2},"end":{"line":94,"column":3}},"locations":[{"start":{"line":8,"column":2},"end":{"line":94,"column":3}}]},"1":{"type":"branch","line":37,"loc":{"start":{"line":37,"column":80},"end":{"line":44,"column":5}},"locations":[{"start":{"line":37,"column":80},"end":{"line":44,"column":5}}]},"2":{"type":"branch","line":46,"loc":{"start":{"line":46,"column":49},"end":{"line":50,"column":5}},"locations":[{"start":{"line":46,"column":49},"end":{"line":50,"column":5}}]},"3":{"type":"branch","line":47,"loc":{"start":{"line":47,"column":15},"end":{"line":49,"column":7}},"locations":[{"start":{"line":47,"column":15},"end":{"line":49,"column":7}}]},"4":{"type":"branch","line":52,"loc":{"start":{"line":52,"column":32},"end":{"line":89,"column":5}},"locations":[{"start":{"line":52,"column":32},"end":{"line":89,"column":5}}]},"5":{"type":"branch","line":58,"loc":{"start":{"line":58,"column":10},"end":{"line":61,"column":9}},"locations":[{"start":{"line":58,"column":10},"end":{"line":61,"column":9}}]},"6":{"type":"branch","line":68,"loc":{"start":{"line":68,"column":22},"end":{"line":68,"column":46}},"locations":[{"start":{"line":68,"column":22},"end":{"line":68,"column":46}}]},"7":{"type":"branch","line":68,"loc":{"start":{"line":68,"column":46},"end":{"line":68,"column":93}},"locations":[{"start":{"line":68,"column":46},"end":{"line":68,"column":93}}]},"8":{"type":"branch","line":71,"loc":{"start":{"line":71,"column":8},"end":{"line":73,"column":9}},"locations":[{"start":{"line":71,"column":8},"end":{"line":73,"column":9}}]},"9":{"type":"branch","line":80,"loc":{"start":{"line":80,"column":30},"end":{"line":85,"column":9}},"locations":[{"start":{"line":80,"column":30},"end":{"line":85,"column":9}}]},"10":{"type":"branch","line":81,"loc":{"start":{"line":81,"column":46},"end":{"line":84,"column":11}},"locations":[{"start":{"line":81,"column":46},"end":{"line":84,"column":11}}]},"11":{"type":"branch","line":91,"loc":{"start":{"line":91,"column":30},"end":{"line":93,"column":5}},"locations":[{"start":{"line":91,"column":30},"end":{"line":93,"column":5}}]},"12":{"type":"branch","line":102,"loc":{"start":{"line":102,"column":2},"end":{"line":110,"column":3}},"locations":[{"start":{"line":102,"column":2},"end":{"line":110,"column":3}}]},"13":{"type":"branch","line":129,"loc":{"start":{"line":129,"column":2},"end":{"line":170,"column":3}},"locations":[{"start":{"line":129,"column":2},"end":{"line":170,"column":3}}]},"14":{"type":"branch","line":130,"loc":{"start":{"line":130,"column":21},"end":{"line":130,"column":57}},"locations":[{"start":{"line":130,"column":21},"end":{"line":130,"column":57}}]},"15":{"type":"branch","line":130,"loc":{"start":{"line":130,"column":59},"end":{"line":132,"column":5}},"locations":[{"start":{"line":130,"column":59},"end":{"line":132,"column":5}}]},"16":{"type":"branch","line":132,"loc":{"start":{"line":132,"column":4},"end":{"line":134,"column":27}},"locations":[{"start":{"line":132,"column":4},"end":{"line":134,"column":27}}]},"17":{"type":"branch","line":134,"loc":{"start":{"line":134,"column":23},"end":{"line":134,"column":63}},"locations":[{"start":{"line":134,"column":23},"end":{"line":134,"column":63}}]},"18":{"type":"branch","line":134,"loc":{"start":{"line":134,"column":65},"end":{"line":136,"column":5}},"locations":[{"start":{"line":134,"column":65},"end":{"line":136,"column":5}}]},"19":{"type":"branch","line":136,"loc":{"start":{"line":136,"column":4},"end":{"line":138,"column":26}},"locations":[{"start":{"line":136,"column":4},"end":{"line":138,"column":26}}]},"20":{"type":"branch","line":138,"loc":{"start":{"line":138,"column":22},"end":{"line":138,"column":60}},"locations":[{"start":{"line":138,"column":22},"end":{"line":138,"column":60}}]},"21":{"type":"branch","line":138,"loc":{"start":{"line":138,"column":62},"end":{"line":140,"column":5}},"locations":[{"start":{"line":138,"column":62},"end":{"line":140,"column":5}}]},"22":{"type":"branch","line":140,"loc":{"start":{"line":140,"column":4},"end":{"line":144,"column":19}},"locations":[{"start":{"line":140,"column":4},"end":{"line":144,"column":19}}]},"23":{"type":"branch","line":144,"loc":{"start":{"line":144,"column":19},"end":{"line":145,"column":28}},"locations":[{"start":{"line":144,"column":19},"end":{"line":145,"column":28}}]},"24":{"type":"branch","line":145,"loc":{"start":{"line":145,"column":28},"end":{"line":146,"column":27}},"locations":[{"start":{"line":145,"column":28},"end":{"line":146,"column":27}}]},"25":{"type":"branch","line":146,"loc":{"start":{"line":146,"column":27},"end":{"line":147,"column":36}},"locations":[{"start":{"line":146,"column":27},"end":{"line":147,"column":36}}]},"26":{"type":"branch","line":147,"loc":{"start":{"line":147,"column":36},"end":{"line":148,"column":51}},"locations":[{"start":{"line":147,"column":36},"end":{"line":148,"column":51}}]},"27":{"type":"branch","line":148,"loc":{"start":{"line":148,"column":51},"end":{"line":149,"column":28}},"locations":[{"start":{"line":148,"column":51},"end":{"line":149,"column":28}}]},"28":{"type":"branch","line":150,"loc":{"start":{"line":150,"column":8},"end":{"line":152,"column":5}},"locations":[{"start":{"line":150,"column":8},"end":{"line":152,"column":5}}]},"29":{"type":"branch","line":152,"loc":{"start":{"line":152,"column":4},"end":{"line":156,"column":22}},"locations":[{"start":{"line":152,"column":4},"end":{"line":156,"column":22}}]},"30":{"type":"branch","line":156,"loc":{"start":{"line":156,"column":22},"end":{"line":157,"column":30}},"locations":[{"start":{"line":156,"column":22},"end":{"line":157,"column":30}}]},"31":{"type":"branch","line":157,"loc":{"start":{"line":157,"column":30},"end":{"line":158,"column":42}},"locations":[{"start":{"line":157,"column":30},"end":{"line":158,"column":42}}]},"32":{"type":"branch","line":158,"loc":{"start":{"line":158,"column":42},"end":{"line":159,"column":57}},"locations":[{"start":{"line":158,"column":42},"end":{"line":159,"column":57}}]},"33":{"type":"branch","line":159,"loc":{"start":{"line":159,"column":57},"end":{"line":160,"column":31}},"locations":[{"start":{"line":159,"column":57},"end":{"line":160,"column":31}}]},"34":{"type":"branch","line":161,"loc":{"start":{"line":161,"column":8},"end":{"line":163,"column":5}},"locations":[{"start":{"line":161,"column":8},"end":{"line":163,"column":5}}]},"35":{"type":"branch","line":163,"loc":{"start":{"line":163,"column":4},"end":{"line":165,"column":22}},"locations":[{"start":{"line":163,"column":4},"end":{"line":165,"column":22}}]},"36":{"type":"branch","line":165,"loc":{"start":{"line":165,"column":18},"end":{"line":165,"column":48}},"locations":[{"start":{"line":165,"column":18},"end":{"line":165,"column":48}}]},"37":{"type":"branch","line":165,"loc":{"start":{"line":165,"column":50},"end":{"line":167,"column":5}},"locations":[{"start":{"line":165,"column":50},"end":{"line":167,"column":5}}]},"38":{"type":"branch","line":167,"loc":{"start":{"line":167,"column":4},"end":{"line":170,"column":3}},"locations":[{"start":{"line":167,"column":4},"end":{"line":170,"column":3}}]}},"b":{"0":[1],"1":[1],"2":[1],"3":[0],"4":[2],"5":[0],"6":[1],"7":[0],"8":[0],"9":[4],"10":[2],"11":[1],"12":[2],"13":[28],"14":[8],"15":[3],"16":[25],"17":[6],"18":[1],"19":[24],"20":[6],"21":[3],"22":[21],"23":[6],"24":[5],"25":[5],"26":[3],"27":[3],"28":[2],"29":[19],"30":[6],"31":[6],"32":[4],"33":[3],"34":[2],"35":[17],"36":[5],"37":[2],"38":[15]},"fnMap":{"0":{"name":"Subscriber","decl":{"start":{"line":8,"column":2},"end":{"line":94,"column":3}},"loc":{"start":{"line":8,"column":2},"end":{"line":94,"column":3}},"line":8},"1":{"name":"command","decl":{"start":{"line":102,"column":2},"end":{"line":110,"column":3}},"loc":{"start":{"line":102,"column":2},"end":{"line":110,"column":3}},"line":102},"2":{"name":"subscribe","decl":{"start":{"line":117,"column":2},"end":{"line":123,"column":3}},"loc":{"start":{"line":117,"column":2},"end":{"line":123,"column":3}},"line":117},"3":{"name":"suitable","decl":{"start":{"line":129,"column":2},"end":{"line":170,"column":3}},"loc":{"start":{"line":129,"column":2},"end":{"line":170,"column":3}},"line":129}},"f":{"0":1,"1":2,"2":0,"3":28}}
}
