TN:
SF:src/Instance.js
FN:13,current
FN:24,Instance
FN:55,waitToReady
FN:58,setReady
FN:79,close
FN:100,checkCompatibility
FN:126,get command
FN:133,get middleware
FN:140,get subscribe
FN:147,get publish
FN:155,request
FN:190,createSession
FN:197,joinSession
FNF:13
FNH:8
FNDA:1,current
FNDA:1,Instance
FNDA:1,waitToReady
FNDA:3,setReady
FNDA:1,close
FNDA:1,checkCompatibility
FNDA:1,get command
FNDA:0,get middleware
FNDA:0,get subscribe
FNDA:1,get publish
FNDA:0,request
FNDA:0,createSession
FNDA:0,joinSession
DA:1,1
DA:2,1
DA:3,1
DA:4,1
DA:5,1
DA:6,1
DA:7,1
DA:8,1
DA:9,1
DA:10,1
DA:11,1
DA:12,1
DA:13,1
DA:14,1
DA:15,1
DA:16,1
DA:17,1
DA:18,1
DA:19,1
DA:20,1
DA:21,1
DA:22,1
DA:23,1
DA:24,1
DA:25,1
DA:26,1
DA:27,1
DA:28,1
DA:29,1
DA:30,1
DA:31,1
DA:32,1
DA:33,1
DA:34,1
DA:35,1
DA:36,1
DA:37,1
DA:38,1
DA:39,1
DA:40,0
DA:41,1
DA:42,1
DA:43,1
DA:44,1
DA:45,1
DA:46,1
DA:47,1
DA:48,1
DA:49,1
DA:50,1
DA:51,1
DA:52,1
DA:53,1
DA:54,1
DA:55,1
DA:56,1
DA:57,1
DA:58,1
DA:59,3
DA:60,3
DA:61,1
DA:62,1
DA:63,3
DA:64,1
DA:65,1
DA:66,1
DA:67,1
DA:68,1
DA:69,1
DA:70,1
DA:71,1
DA:72,1
DA:73,1
DA:74,1
DA:75,1
DA:76,1
DA:77,1
DA:78,1
DA:79,1
DA:80,1
DA:81,1
DA:82,1
DA:83,1
DA:84,1
DA:85,1
DA:86,1
DA:87,1
DA:88,1
DA:89,1
DA:90,1
DA:91,1
DA:92,1
DA:93,1
DA:94,1
DA:95,1
DA:96,1
DA:97,1
DA:98,1
DA:99,1
DA:100,1
DA:101,1
DA:102,1
DA:103,1
DA:104,1
DA:105,1
DA:106,1
DA:107,1
DA:108,1
DA:109,1
DA:110,1
DA:111,1
DA:112,0
DA:113,0
DA:114,1
DA:115,1
DA:116,1
DA:117,1
DA:118,1
DA:119,0
DA:120,1
DA:121,1
DA:122,1
DA:123,1
DA:124,1
DA:125,1
DA:126,1
DA:127,1
DA:128,1
DA:129,1
DA:130,1
DA:131,1
DA:132,1
DA:133,1
DA:134,0
DA:135,0
DA:136,1
DA:137,1
DA:138,1
DA:139,1
DA:140,1
DA:141,0
DA:142,0
DA:143,1
DA:144,1
DA:145,1
DA:146,1
DA:147,1
DA:148,1
DA:149,1
DA:150,1
DA:151,1
DA:152,1
DA:153,1
DA:154,1
DA:155,1
DA:156,0
DA:157,0
DA:158,0
DA:159,0
DA:160,0
DA:161,0
DA:162,0
DA:163,0
DA:164,0
DA:165,0
DA:166,0
DA:167,0
DA:168,0
DA:169,0
DA:170,0
DA:171,0
DA:172,0
DA:173,0
DA:174,0
DA:175,0
DA:176,0
DA:177,0
DA:178,0
DA:179,0
DA:180,0
DA:181,0
DA:182,0
DA:183,0
DA:184,0
DA:185,0
DA:186,0
DA:187,0
DA:188,0
DA:189,1
DA:190,1
DA:191,0
DA:192,0
DA:193,0
DA:194,0
DA:195,0
DA:196,1
DA:197,1
DA:198,0
DA:199,0
DA:200,0
DA:201,0
DA:202,0
DA:203,1
DA:204,1
DA:205,1
LF:205
LH:154
BRDA:13,0,0,1
BRDA:24,1,0,1
BRDA:55,2,0,1
BRDA:56,3,0,1
BRDA:58,4,0,3
BRDA:60,5,0,1
BRDA:64,6,0,1
BRDA:67,7,0,1
BRDA:70,8,0,1
BRDA:79,9,0,1
BRDA:81,10,0,1
BRDA:85,11,0,1
BRDA:89,12,0,1
BRDA:100,13,0,1
BRDA:108,14,0,1
BRDA:109,15,0,0
BRDA:111,16,0,0
BRDA:126,17,0,1
BRDA:147,18,0,1
BRF:19
BRH:17
end_of_record
TN:
SF:src/Session.js
FN:9,Session
FN:33,get isSlave
FN:37,get pingRateTimeout
FN:41,hookBeforeJoin
FN:48,hookAfterJoin
FN:55,hookBeforeLeave
FN:62,hookAfterLeave
FN:69,join
FN:95,handleConnectionManager
FNF:9
FNH:0
FNDA:0,Session
FNDA:0,get isSlave
FNDA:0,get pingRateTimeout
FNDA:0,hookBeforeJoin
FNDA:0,hookAfterJoin
FNDA:0,hookBeforeLeave
FNDA:0,hookAfterLeave
FNDA:0,join
FNDA:0,handleConnectionManager
DA:1,1
DA:2,1
DA:3,1
DA:4,1
DA:5,1
DA:6,1
DA:7,1
DA:8,1
DA:9,1
DA:10,0
DA:11,0
DA:12,0
DA:13,0
DA:14,0
DA:15,0
DA:16,0
DA:17,0
DA:18,0
DA:19,0
DA:20,0
DA:21,0
DA:22,0
DA:23,0
DA:24,0
DA:25,0
DA:26,0
DA:27,0
DA:28,0
DA:29,0
DA:30,0
DA:31,0
DA:32,1
DA:33,1
DA:34,0
DA:35,0
DA:36,1
DA:37,1
DA:38,0
DA:39,0
DA:40,1
DA:41,1
DA:42,0
DA:43,0
DA:44,0
DA:45,0
DA:46,0
DA:47,1
DA:48,1
DA:49,0
DA:50,0
DA:51,0
DA:52,0
DA:53,0
DA:54,1
DA:55,1
DA:56,0
DA:57,0
DA:58,0
DA:59,0
DA:60,0
DA:61,1
DA:62,1
DA:63,0
DA:64,0
DA:65,0
DA:66,0
DA:67,0
DA:68,1
DA:69,1
DA:70,0
DA:71,0
DA:72,0
DA:73,0
DA:74,0
DA:75,0
DA:76,0
DA:77,0
DA:78,0
DA:79,0
DA:80,0
DA:81,0
DA:82,0
DA:83,0
DA:84,0
DA:85,0
DA:86,0
DA:87,0
DA:88,0
DA:89,0
DA:90,0
DA:91,0
DA:92,0
DA:93,0
DA:94,1
DA:95,1
DA:96,0
DA:97,0
DA:98,0
DA:99,0
DA:100,0
DA:101,0
DA:102,0
DA:103,0
DA:104,0
DA:105,0
DA:106,0
DA:107,0
DA:108,0
DA:109,0
DA:110,0
DA:111,0
DA:112,0
DA:113,0
DA:114,0
DA:115,0
DA:116,0
DA:117,0
DA:118,0
DA:119,0
DA:120,0
DA:121,0
DA:122,0
DA:123,0
DA:124,0
DA:125,0
DA:126,0
DA:127,0
DA:128,0
DA:129,0
DA:130,0
DA:131,0
DA:132,0
DA:133,0
DA:134,0
DA:135,0
DA:136,0
DA:137,0
DA:138,0
DA:139,0
DA:140,0
DA:141,1
DA:142,1
DA:143,1
LF:143
LH:28
BRF:0
BRH:0
end_of_record
TN:
SF:src/index.js
FNF:0
FNH:0
DA:1,1
DA:2,1
DA:3,1
DA:4,1
DA:5,1
DA:6,1
DA:7,1
DA:8,1
DA:9,1
DA:10,1
DA:11,1
DA:12,1
LF:12
LH:12
BRF:0
BRH:0
end_of_record
TN:
SF:src/builders/CommandBuilder.js
FN:3,<instance_members_initializer>
FN:5,CommandBuilder
FN:26,get instance
FN:35,injectInstance
FN:54,setMethod
FN:63,setResource
FN:68,setUser
FN:73,useSelfUser
FN:78,setManager
FN:83,useSelfManager
FN:88,setValue
FN:93,setKey
FN:98,generateKey
FN:103,generateCommandId
FN:108,setUi
FN:113,setCommand
FN:118,setBroadcast
FN:124,duplicate
FN:137,toJSON
FN:154,toStringFrom
FN:158,toString
FN:162,Object.<anonymous>
FNF:22
FNH:20
FNDA:27,<instance_members_initializer>
FNDA:27,CommandBuilder
FNDA:6,get instance
FNDA:9,injectInstance
FNDA:5,setMethod
FNDA:4,setResource
FNDA:6,setUser
FNDA:2,useSelfUser
FNDA:3,setManager
FNDA:2,useSelfManager
FNDA:1,setValue
FNDA:6,setKey
FNDA:3,generateKey
FNDA:26,generateCommandId
FNDA:0,setUi
FNDA:5,setCommand
FNDA:3,setBroadcast
FNDA:1,duplicate
FNDA:2,toJSON
FNDA:1,toStringFrom
FNDA:2,toString
FNDA:0,Object.<anonymous>
DA:1,1
DA:2,1
DA:3,1
DA:4,27
DA:5,27
DA:6,27
DA:7,27
DA:8,27
DA:9,27
DA:10,27
DA:11,27
DA:12,27
DA:13,27
DA:14,27
DA:15,27
DA:16,27
DA:17,27
DA:18,25
DA:19,25
DA:20,27
DA:21,27
DA:22,0
DA:23,0
DA:24,27
DA:25,27
DA:26,27
DA:27,6
DA:28,6
DA:29,27
DA:30,27
DA:31,27
DA:32,27
DA:33,27
DA:34,27
DA:35,27
DA:36,9
DA:37,9
DA:38,9
DA:39,9
DA:40,9
DA:41,9
DA:42,7
DA:43,7
DA:44,7
DA:45,7
DA:46,7
DA:47,9
DA:48,9
DA:49,27
DA:50,27
DA:51,27
DA:52,27
DA:53,27
DA:54,27
DA:55,5
DA:56,5
DA:57,5
DA:58,27
DA:59,27
DA:60,27
DA:61,27
DA:62,27
DA:63,27
DA:64,4
DA:65,4
DA:66,4
DA:67,27
DA:68,27
DA:69,6
DA:70,6
DA:71,6
DA:72,27
DA:73,27
DA:74,2
DA:75,2
DA:76,2
DA:77,27
DA:78,27
DA:79,3
DA:80,3
DA:81,3
DA:82,27
DA:83,27
DA:84,2
DA:85,2
DA:86,2
DA:87,27
DA:88,27
DA:89,1
DA:90,1
DA:91,1
DA:92,27
DA:93,27
DA:94,6
DA:95,6
DA:96,6
DA:97,27
DA:98,27
DA:99,3
DA:100,3
DA:101,3
DA:102,27
DA:103,27
DA:104,26
DA:105,26
DA:106,26
DA:107,27
DA:108,27
DA:109,0
DA:110,0
DA:111,0
DA:112,27
DA:113,27
DA:114,5
DA:115,5
DA:116,5
DA:117,27
DA:118,27
DA:119,3
DA:120,3
DA:121,3
DA:122,3
DA:123,27
DA:124,27
DA:125,1
DA:126,0
DA:127,0
DA:128,1
DA:129,1
DA:130,1
DA:131,1
DA:132,1
DA:133,1
DA:134,1
DA:135,1
DA:136,27
DA:137,27
DA:138,2
DA:139,2
DA:140,2
DA:141,2
DA:142,2
DA:143,2
DA:144,2
DA:145,2
DA:146,2
DA:147,2
DA:148,2
DA:149,2
DA:150,2
DA:151,2
DA:152,2
DA:153,27
DA:154,27
DA:155,1
DA:156,1
DA:157,27
DA:158,27
DA:159,2
DA:160,2
DA:161,27
DA:162,27
DA:163,0
DA:164,0
DA:165,27
DA:166,1
DA:167,1
LF:167
LH:158
BRDA:3,0,0,27
BRDA:5,1,0,27
BRDA:6,2,0,2
BRDA:7,3,0,2
BRDA:8,4,0,2
BRDA:9,5,0,2
BRDA:10,6,0,2
BRDA:11,7,0,2
BRDA:12,8,0,2
BRDA:13,9,0,2
BRDA:14,10,0,2
BRDA:15,11,0,2
BRDA:17,12,0,25
BRDA:21,13,0,0
BRDA:26,14,0,6
BRDA:35,15,0,9
BRDA:41,16,0,7
BRDA:54,17,0,5
BRDA:63,18,0,4
BRDA:68,19,0,6
BRDA:73,20,0,2
BRDA:78,21,0,3
BRDA:83,22,0,2
BRDA:88,23,0,1
BRDA:93,24,0,6
BRDA:98,25,0,3
BRDA:103,26,0,26
BRDA:113,27,0,5
BRDA:118,28,0,3
BRDA:124,29,0,1
BRDA:125,30,0,0
BRDA:137,31,0,2
BRDA:154,32,0,1
BRDA:158,33,0,2
BRF:34
BRH:32
end_of_record
TN:
SF:src/events/Publisher.js
FN:5,Publisher
FN:26,publish
FNF:2
FNH:2
FNDA:1,Publisher
FNDA:2,publish
DA:1,1
DA:2,1
DA:3,1
DA:4,1
DA:5,1
DA:6,1
DA:7,1
DA:8,1
DA:9,1
DA:10,1
DA:11,1
DA:12,1
DA:13,1
DA:14,1
DA:15,1
DA:16,1
DA:17,0
DA:18,1
DA:19,1
DA:20,1
DA:21,1
DA:22,1
DA:23,1
DA:24,1
DA:25,1
DA:26,1
DA:27,2
DA:28,2
DA:29,2
DA:30,2
DA:31,1
DA:32,1
DA:33,1
LF:33
LH:32
BRDA:5,0,0,1
BRDA:26,1,0,2
BRF:2
BRH:2
end_of_record
TN:
SF:src/events/Subscriber.js
FN:8,Subscriber
FN:100,command
FN:114,middleware
FN:127,subscribe
FN:139,suitable
FNF:5
FNH:3
FNDA:1,Subscriber
FNDA:2,command
FNDA:0,middleware
FNDA:0,subscribe
FNDA:33,suitable
DA:1,1
DA:2,1
DA:3,1
DA:4,1
DA:5,1
DA:6,1
DA:7,1
DA:8,1
DA:9,1
DA:10,1
DA:11,1
DA:12,1
DA:13,1
DA:14,1
DA:15,1
DA:16,1
DA:17,1
DA:18,1
DA:19,1
DA:20,1
DA:21,1
DA:22,1
DA:23,1
DA:24,1
DA:25,1
DA:26,1
DA:27,1
DA:28,1
DA:29,1
DA:30,1
DA:31,1
DA:32,1
DA:33,1
DA:34,0
DA:35,1
DA:36,1
DA:37,1
DA:38,1
DA:39,1
DA:40,1
DA:41,1
DA:42,1
DA:43,1
DA:44,1
DA:45,1
DA:46,1
DA:47,1
DA:48,0
DA:49,0
DA:50,1
DA:51,1
DA:52,1
DA:53,2
DA:54,2
DA:55,2
DA:56,2
DA:57,2
DA:58,2
DA:59,0
DA:60,0
DA:61,0
DA:62,2
DA:63,2
DA:64,2
DA:65,2
DA:66,2
DA:67,0
DA:68,2
DA:69,2
DA:70,2
DA:71,0
DA:72,0
DA:73,0
DA:74,0
DA:75,0
DA:76,2
DA:77,2
DA:78,2
DA:79,4
DA:80,2
DA:81,2
DA:82,2
DA:83,2
DA:84,2
DA:85,2
DA:86,2
DA:87,1
DA:88,1
DA:89,1
DA:90,1
DA:91,1
DA:92,1
DA:93,1
DA:94,1
DA:95,1
DA:96,1
DA:97,1
DA:98,1
DA:99,1
DA:100,1
DA:101,2
DA:102,2
DA:103,2
DA:104,2
DA:105,2
DA:106,0
DA:107,0
DA:108,2
DA:109,1
DA:110,1
DA:111,1
DA:112,1
DA:113,1
DA:114,1
DA:115,0
DA:116,0
DA:117,0
DA:118,0
DA:119,0
DA:120,0
DA:121,1
DA:122,1
DA:123,1
DA:124,1
DA:125,1
DA:126,1
DA:127,1
DA:128,0
DA:129,0
DA:130,0
DA:131,0
DA:132,0
DA:133,0
DA:134,1
DA:135,1
DA:136,1
DA:137,1
DA:138,1
DA:139,1
DA:140,33
DA:141,3
DA:142,3
DA:143,30
DA:144,33
DA:145,1
DA:146,1
DA:147,29
DA:148,33
DA:149,3
DA:150,3
DA:151,26
DA:152,33
DA:153,3
DA:154,3
DA:155,26
DA:156,26
DA:157,26
DA:158,33
DA:159,33
DA:160,33
DA:161,33
DA:162,33
DA:163,6
DA:164,33
DA:165,3
DA:166,3
DA:167,23
DA:168,33
DA:169,3
DA:170,3
DA:171,23
DA:172,23
DA:173,23
DA:174,33
DA:175,33
DA:176,33
DA:177,33
DA:178,5
DA:179,33
DA:180,3
DA:181,3
DA:182,20
DA:183,33
DA:184,2
DA:185,2
DA:186,18
DA:187,18
DA:188,18
DA:189,1
DA:190,1
DA:191,1
LF:191
LH:165
BRDA:8,0,0,1
BRDA:37,1,0,1
BRDA:46,2,0,1
BRDA:47,3,0,0
BRDA:52,4,0,2
BRDA:58,5,0,0
BRDA:70,6,0,0
BRDA:78,7,0,4
BRDA:79,8,0,2
BRDA:89,9,0,1
BRDA:100,10,0,2
BRDA:139,11,0,33
BRDA:140,12,0,8
BRDA:140,13,0,3
BRDA:142,14,0,30
BRDA:144,15,0,6
BRDA:144,16,0,1
BRDA:146,17,0,29
BRDA:148,18,0,6
BRDA:148,19,0,3
BRDA:150,20,0,26
BRDA:152,21,0,3
BRDA:154,22,0,26
BRDA:158,23,0,9
BRDA:159,24,0,9
BRDA:160,25,0,9
BRDA:161,26,0,6
BRDA:162,27,0,6
BRDA:164,28,0,3
BRDA:166,29,0,23
BRDA:168,30,0,3
BRDA:170,31,0,23
BRDA:174,32,0,8
BRDA:175,33,0,8
BRDA:176,34,0,5
BRDA:177,35,0,5
BRDA:179,36,0,3
BRDA:181,37,0,20
BRDA:183,38,0,5
BRDA:183,39,0,2
BRDA:185,40,0,18
BRF:41
BRH:38
end_of_record
