TN:
SF:src/Instance.js
FN:13,current
FN:24,Instance
FN:55,waitToReady
FN:58,setReady
FN:79,close
FN:100,checkCompatibility
FN:126,get command
FN:133,get middleware
FN:140,get subscribe
FN:147,get publish
FN:155,request
FN:190,createSession
FN:197,joinSession
FNF:13
FNH:10
FNDA:2,current
FNDA:2,Instance
FNDA:2,waitToReady
FNDA:6,setReady
FNDA:2,close
FNDA:2,checkCompatibility
FNDA:2,get command
FNDA:2,get middleware
FNDA:1,get subscribe
FNDA:3,get publish
FNDA:0,request
FNDA:0,createSession
FNDA:0,joinSession
DA:1,1
DA:2,1
DA:3,1
DA:4,1
DA:5,1
DA:6,1
DA:7,1
DA:8,1
DA:9,1
DA:10,1
DA:11,1
DA:12,1
DA:13,1
DA:14,2
DA:15,2
DA:16,1
DA:17,1
DA:18,1
DA:19,1
DA:20,1
DA:21,1
DA:22,1
DA:23,1
DA:24,1
DA:25,2
DA:26,2
DA:27,2
DA:28,2
DA:29,2
DA:30,2
DA:31,2
DA:32,2
DA:33,2
DA:34,2
DA:35,2
DA:36,2
DA:37,2
DA:38,2
DA:39,2
DA:40,0
DA:41,2
DA:42,2
DA:43,2
DA:44,2
DA:45,2
DA:46,2
DA:47,2
DA:48,2
DA:49,2
DA:50,2
DA:51,2
DA:52,2
DA:53,2
DA:54,1
DA:55,1
DA:56,2
DA:57,2
DA:58,2
DA:59,6
DA:60,6
DA:61,2
DA:62,2
DA:63,6
DA:64,2
DA:65,2
DA:66,2
DA:67,2
DA:68,2
DA:69,2
DA:70,2
DA:71,2
DA:72,2
DA:73,2
DA:74,2
DA:75,1
DA:76,1
DA:77,1
DA:78,1
DA:79,1
DA:80,2
DA:81,2
DA:82,2
DA:83,2
DA:84,2
DA:85,2
DA:86,2
DA:87,2
DA:88,2
DA:89,2
DA:90,2
DA:91,2
DA:92,2
DA:93,2
DA:94,2
DA:95,1
DA:96,1
DA:97,1
DA:98,1
DA:99,1
DA:100,1
DA:101,2
DA:102,2
DA:103,2
DA:104,2
DA:105,2
DA:106,2
DA:107,2
DA:108,2
DA:109,2
DA:110,2
DA:111,2
DA:112,0
DA:113,0
DA:114,2
DA:115,2
DA:116,2
DA:117,2
DA:118,2
DA:119,0
DA:120,2
DA:121,2
DA:122,1
DA:123,1
DA:124,1
DA:125,1
DA:126,1
DA:127,2
DA:128,2
DA:129,1
DA:130,1
DA:131,1
DA:132,1
DA:133,1
DA:134,2
DA:135,2
DA:136,1
DA:137,1
DA:138,1
DA:139,1
DA:140,1
DA:141,1
DA:142,1
DA:143,1
DA:144,1
DA:145,1
DA:146,1
DA:147,1
DA:148,3
DA:149,3
DA:150,1
DA:151,1
DA:152,1
DA:153,1
DA:154,1
DA:155,1
DA:156,0
DA:157,0
DA:158,0
DA:159,0
DA:160,0
DA:161,0
DA:162,0
DA:163,0
DA:164,0
DA:165,0
DA:166,0
DA:167,0
DA:168,0
DA:169,0
DA:170,0
DA:171,0
DA:172,0
DA:173,0
DA:174,0
DA:175,0
DA:176,0
DA:177,0
DA:178,0
DA:179,0
DA:180,0
DA:181,0
DA:182,0
DA:183,0
DA:184,0
DA:185,0
DA:186,0
DA:187,0
DA:188,0
DA:189,1
DA:190,1
DA:191,0
DA:192,0
DA:193,0
DA:194,0
DA:195,0
DA:196,1
DA:197,1
DA:198,0
DA:199,0
DA:200,0
DA:201,0
DA:202,0
DA:203,1
DA:204,1
DA:205,1
LF:205
LH:158
BRDA:13,0,0,2
BRDA:24,1,0,2
BRDA:55,2,0,2
BRDA:56,3,0,2
BRDA:58,4,0,6
BRDA:60,5,0,2
BRDA:64,6,0,2
BRDA:67,7,0,2
BRDA:70,8,0,2
BRDA:79,9,0,2
BRDA:81,10,0,2
BRDA:85,11,0,2
BRDA:89,12,0,2
BRDA:100,13,0,2
BRDA:108,14,0,2
BRDA:109,15,0,0
BRDA:111,16,0,0
BRDA:126,17,0,2
BRDA:133,18,0,2
BRDA:140,19,0,1
BRDA:147,20,0,3
BRF:21
BRH:19
end_of_record
TN:
SF:src/Session.js
FN:9,Session
FN:33,get isSlave
FN:37,get pingRateTimeout
FN:41,hookBeforeJoin
FN:48,hookAfterJoin
FN:55,hookBeforeLeave
FN:62,hookAfterLeave
FN:69,join
FN:95,handleConnectionManager
FNF:9
FNH:0
FNDA:0,Session
FNDA:0,get isSlave
FNDA:0,get pingRateTimeout
FNDA:0,hookBeforeJoin
FNDA:0,hookAfterJoin
FNDA:0,hookBeforeLeave
FNDA:0,hookAfterLeave
FNDA:0,join
FNDA:0,handleConnectionManager
DA:1,1
DA:2,1
DA:3,1
DA:4,1
DA:5,1
DA:6,1
DA:7,1
DA:8,1
DA:9,1
DA:10,0
DA:11,0
DA:12,0
DA:13,0
DA:14,0
DA:15,0
DA:16,0
DA:17,0
DA:18,0
DA:19,0
DA:20,0
DA:21,0
DA:22,0
DA:23,0
DA:24,0
DA:25,0
DA:26,0
DA:27,0
DA:28,0
DA:29,0
DA:30,0
DA:31,0
DA:32,1
DA:33,1
DA:34,0
DA:35,0
DA:36,1
DA:37,1
DA:38,0
DA:39,0
DA:40,1
DA:41,1
DA:42,0
DA:43,0
DA:44,0
DA:45,0
DA:46,0
DA:47,1
DA:48,1
DA:49,0
DA:50,0
DA:51,0
DA:52,0
DA:53,0
DA:54,1
DA:55,1
DA:56,0
DA:57,0
DA:58,0
DA:59,0
DA:60,0
DA:61,1
DA:62,1
DA:63,0
DA:64,0
DA:65,0
DA:66,0
DA:67,0
DA:68,1
DA:69,1
DA:70,0
DA:71,0
DA:72,0
DA:73,0
DA:74,0
DA:75,0
DA:76,0
DA:77,0
DA:78,0
DA:79,0
DA:80,0
DA:81,0
DA:82,0
DA:83,0
DA:84,0
DA:85,0
DA:86,0
DA:87,0
DA:88,0
DA:89,0
DA:90,0
DA:91,0
DA:92,0
DA:93,0
DA:94,1
DA:95,1
DA:96,0
DA:97,0
DA:98,0
DA:99,0
DA:100,0
DA:101,0
DA:102,0
DA:103,0
DA:104,0
DA:105,0
DA:106,0
DA:107,0
DA:108,0
DA:109,0
DA:110,0
DA:111,0
DA:112,0
DA:113,0
DA:114,0
DA:115,0
DA:116,0
DA:117,0
DA:118,0
DA:119,0
DA:120,0
DA:121,0
DA:122,0
DA:123,0
DA:124,0
DA:125,0
DA:126,0
DA:127,0
DA:128,0
DA:129,0
DA:130,0
DA:131,0
DA:132,0
DA:133,0
DA:134,0
DA:135,0
DA:136,0
DA:137,0
DA:138,0
DA:139,0
DA:140,0
DA:141,1
DA:142,1
DA:143,1
LF:143
LH:28
BRF:0
BRH:0
end_of_record
TN:
SF:src/index.js
FNF:0
FNH:0
DA:1,1
DA:2,1
DA:3,1
DA:4,1
DA:5,1
DA:6,1
DA:7,1
DA:8,1
DA:9,1
DA:10,1
DA:11,1
DA:12,1
LF:12
LH:12
BRF:0
BRH:0
end_of_record
TN:
SF:src/builders/CommandBuilder.js
FN:3,<instance_members_initializer>
FN:5,CommandBuilder
FN:26,get instance
FN:35,injectInstance
FN:54,setMethod
FN:63,setResource
FN:68,setUser
FN:73,useSelfUser
FN:78,setManager
FN:83,useSelfManager
FN:88,setValue
FN:93,setKey
FN:98,generateKey
FN:103,generateCommandId
FN:108,setUi
FN:113,setCommand
FN:118,setBroadcast
FN:124,duplicate
FN:137,toJSON
FN:154,toStringFrom
FN:158,toString
FN:162,Object.<anonymous>
FNF:22
FNH:20
FNDA:33,<instance_members_initializer>
FNDA:33,CommandBuilder
FNDA:8,get instance
FNDA:16,injectInstance
FNDA:7,setMethod
FNDA:6,setResource
FNDA:7,setUser
FNDA:2,useSelfUser
FNDA:4,setManager
FNDA:2,useSelfManager
FNDA:2,setValue
FNDA:8,setKey
FNDA:4,generateKey
FNDA:30,generateCommandId
FNDA:0,setUi
FNDA:7,setCommand
FNDA:4,setBroadcast
FNDA:2,duplicate
FNDA:5,toJSON
FNDA:2,toStringFrom
FNDA:5,toString
FNDA:0,Object.<anonymous>
DA:1,1
DA:2,1
DA:3,1
DA:4,33
DA:5,33
DA:6,33
DA:7,33
DA:8,33
DA:9,33
DA:10,33
DA:11,33
DA:12,33
DA:13,33
DA:14,33
DA:15,33
DA:16,33
DA:17,33
DA:18,28
DA:19,28
DA:20,33
DA:21,33
DA:22,0
DA:23,0
DA:24,33
DA:25,33
DA:26,33
DA:27,8
DA:28,8
DA:29,33
DA:30,33
DA:31,33
DA:32,33
DA:33,33
DA:34,33
DA:35,33
DA:36,16
DA:37,16
DA:38,16
DA:39,16
DA:40,16
DA:41,16
DA:42,11
DA:43,11
DA:44,11
DA:45,11
DA:46,11
DA:47,16
DA:48,16
DA:49,33
DA:50,33
DA:51,33
DA:52,33
DA:53,33
DA:54,33
DA:55,7
DA:56,7
DA:57,7
DA:58,33
DA:59,33
DA:60,33
DA:61,33
DA:62,33
DA:63,33
DA:64,6
DA:65,6
DA:66,6
DA:67,33
DA:68,33
DA:69,7
DA:70,7
DA:71,7
DA:72,33
DA:73,33
DA:74,2
DA:75,2
DA:76,2
DA:77,33
DA:78,33
DA:79,4
DA:80,4
DA:81,4
DA:82,33
DA:83,33
DA:84,2
DA:85,2
DA:86,2
DA:87,33
DA:88,33
DA:89,2
DA:90,2
DA:91,2
DA:92,33
DA:93,33
DA:94,8
DA:95,8
DA:96,8
DA:97,33
DA:98,33
DA:99,4
DA:100,4
DA:101,4
DA:102,33
DA:103,33
DA:104,30
DA:105,30
DA:106,30
DA:107,33
DA:108,33
DA:109,0
DA:110,0
DA:111,0
DA:112,33
DA:113,33
DA:114,7
DA:115,7
DA:116,7
DA:117,33
DA:118,33
DA:119,4
DA:120,4
DA:121,4
DA:122,4
DA:123,33
DA:124,33
DA:125,2
DA:126,0
DA:127,0
DA:128,2
DA:129,2
DA:130,2
DA:131,2
DA:132,2
DA:133,2
DA:134,2
DA:135,2
DA:136,33
DA:137,33
DA:138,5
DA:139,5
DA:140,5
DA:141,5
DA:142,5
DA:143,5
DA:144,5
DA:145,5
DA:146,5
DA:147,5
DA:148,5
DA:149,5
DA:150,5
DA:151,5
DA:152,5
DA:153,33
DA:154,33
DA:155,2
DA:156,2
DA:157,33
DA:158,33
DA:159,5
DA:160,5
DA:161,33
DA:162,33
DA:163,0
DA:164,0
DA:165,33
DA:166,1
DA:167,1
LF:167
LH:158
BRDA:3,0,0,33
BRDA:5,1,0,33
BRDA:6,2,0,5
BRDA:7,3,0,5
BRDA:8,4,0,5
BRDA:9,5,0,5
BRDA:10,6,0,5
BRDA:11,7,0,5
BRDA:12,8,0,5
BRDA:13,9,0,5
BRDA:14,10,0,5
BRDA:15,11,0,5
BRDA:17,12,0,28
BRDA:21,13,0,0
BRDA:26,14,0,8
BRDA:35,15,0,16
BRDA:41,16,0,11
BRDA:54,17,0,7
BRDA:63,18,0,6
BRDA:68,19,0,7
BRDA:73,20,0,2
BRDA:78,21,0,4
BRDA:83,22,0,2
BRDA:88,23,0,2
BRDA:93,24,0,8
BRDA:98,25,0,4
BRDA:103,26,0,30
BRDA:113,27,0,7
BRDA:118,28,0,4
BRDA:124,29,0,2
BRDA:125,30,0,0
BRDA:137,31,0,5
BRDA:154,32,0,2
BRDA:158,33,0,5
BRF:34
BRH:32
end_of_record
TN:
SF:src/events/Publisher.js
FN:5,Publisher
FN:26,publish
FNF:2
FNH:2
FNDA:2,Publisher
FNDA:5,publish
DA:1,1
DA:2,1
DA:3,1
DA:4,1
DA:5,1
DA:6,2
DA:7,2
DA:8,2
DA:9,2
DA:10,2
DA:11,2
DA:12,2
DA:13,2
DA:14,2
DA:15,2
DA:16,2
DA:17,0
DA:18,2
DA:19,2
DA:20,1
DA:21,1
DA:22,1
DA:23,1
DA:24,1
DA:25,1
DA:26,1
DA:27,5
DA:28,5
DA:29,5
DA:30,5
DA:31,1
DA:32,1
DA:33,1
LF:33
LH:32
BRDA:5,0,0,2
BRDA:26,1,0,5
BRF:2
BRH:2
end_of_record
TN:
SF:src/events/Subscriber.js
FN:8,Subscriber
FN:100,command
FN:114,middleware
FN:127,subscribe
FN:139,suitable
FNF:5
FNH:5
FNDA:2,Subscriber
FNDA:4,command
FNDA:2,middleware
FNDA:1,subscribe
FNDA:34,suitable
DA:1,1
DA:2,1
DA:3,1
DA:4,1
DA:5,1
DA:6,1
DA:7,1
DA:8,1
DA:9,2
DA:10,2
DA:11,2
DA:12,2
DA:13,2
DA:14,2
DA:15,2
DA:16,2
DA:17,2
DA:18,2
DA:19,2
DA:20,2
DA:21,2
DA:22,2
DA:23,2
DA:24,2
DA:25,2
DA:26,2
DA:27,2
DA:28,2
DA:29,2
DA:30,2
DA:31,2
DA:32,2
DA:33,2
DA:34,0
DA:35,2
DA:36,2
DA:37,2
DA:38,2
DA:39,2
DA:40,2
DA:41,2
DA:42,2
DA:43,2
DA:44,2
DA:45,2
DA:46,2
DA:47,2
DA:48,0
DA:49,0
DA:50,2
DA:51,2
DA:52,2
DA:53,5
DA:54,5
DA:55,5
DA:56,5
DA:57,5
DA:58,5
DA:59,0
DA:60,0
DA:61,0
DA:62,5
DA:63,5
DA:64,5
DA:65,5
DA:66,5
DA:67,1
DA:68,5
DA:69,5
DA:70,5
DA:71,0
DA:72,0
DA:73,0
DA:74,0
DA:75,0
DA:76,4
DA:77,4
DA:78,4
DA:79,8
DA:80,4
DA:81,4
DA:82,4
DA:83,4
DA:84,4
DA:85,4
DA:86,4
DA:87,2
DA:88,2
DA:89,2
DA:90,2
DA:91,2
DA:92,2
DA:93,1
DA:94,1
DA:95,1
DA:96,1
DA:97,1
DA:98,1
DA:99,1
DA:100,1
DA:101,4
DA:102,4
DA:103,4
DA:104,4
DA:105,4
DA:106,0
DA:107,0
DA:108,4
DA:109,1
DA:110,1
DA:111,1
DA:112,1
DA:113,1
DA:114,1
DA:115,2
DA:116,2
DA:117,2
DA:118,0
DA:119,0
DA:120,2
DA:121,1
DA:122,1
DA:123,1
DA:124,1
DA:125,1
DA:126,1
DA:127,1
DA:128,1
DA:129,1
DA:130,1
DA:131,0
DA:132,0
DA:133,1
DA:134,1
DA:135,1
DA:136,1
DA:137,1
DA:138,1
DA:139,1
DA:140,34
DA:141,3
DA:142,3
DA:143,31
DA:144,34
DA:145,1
DA:146,1
DA:147,30
DA:148,34
DA:149,5
DA:150,5
DA:151,25
DA:152,25
DA:153,25
DA:154,34
DA:155,34
DA:156,34
DA:157,34
DA:158,34
DA:159,4
DA:160,34
DA:161,2
DA:162,2
DA:163,23
DA:164,23
DA:165,23
DA:166,34
DA:167,34
DA:168,34
DA:169,34
DA:170,3
DA:171,34
DA:172,2
DA:173,2
DA:174,21
DA:175,34
DA:176,2
DA:177,2
DA:178,19
DA:179,19
DA:180,19
DA:181,1
DA:182,1
DA:183,1
LF:183
LH:166
BRDA:8,0,0,2
BRDA:37,1,0,2
BRDA:46,2,0,2
BRDA:47,3,0,0
BRDA:52,4,0,5
BRDA:58,5,0,0
BRDA:70,6,0,0
BRDA:75,7,0,4
BRDA:66,8,0,1
BRDA:78,9,0,8
BRDA:79,10,0,4
BRDA:89,11,0,2
BRDA:100,12,0,4
BRDA:114,13,0,2
BRDA:127,14,0,1
BRDA:139,15,0,34
BRDA:140,16,0,12
BRDA:140,17,0,3
BRDA:142,18,0,31
BRDA:144,19,0,10
BRDA:144,20,0,1
BRDA:146,21,0,30
BRDA:148,22,0,10
BRDA:148,23,0,32
BRDA:148,24,0,5
BRDA:150,25,0,25
BRDA:154,26,0,8
BRDA:155,27,0,6
BRDA:156,28,0,6
BRDA:157,29,0,4
BRDA:158,30,0,4
BRDA:160,31,0,2
BRDA:162,32,0,23
BRDA:166,33,0,6
BRDA:167,34,0,6
BRDA:168,35,0,4
BRDA:169,36,0,3
BRDA:171,37,0,2
BRDA:173,38,0,21
BRDA:175,39,0,6
BRDA:175,40,0,2
BRDA:177,41,0,19
BRF:42
BRH:39
end_of_record
